{"/Users/danielgomez/Desktop/Clases/Cuarto/SyTW/QuickPark/backend/src/emails/Welcome.tsx": {"path":"/Users/danielgomez/Desktop/Clases/Cuarto/SyTW/QuickPark/backend/src/emails/Welcome.tsx","statementMap":{"0":{"start":{"line":23,"column":2},"end":{"line":142,"column":null}},"1":{"start":{"line":147,"column":13},"end":{"line":151,"column":null}},"2":{"start":{"line":153,"column":18},"end":{"line":158,"column":null}},"3":{"start":{"line":160,"column":20},"end":{"line":163,"column":null}},"4":{"start":{"line":165,"column":18},"end":{"line":168,"column":null}},"5":{"start":{"line":170,"column":19},"end":{"line":177,"column":null}},"6":{"start":{"line":179,"column":16},"end":{"line":182,"column":null}},"7":{"start":{"line":184,"column":17},"end":{"line":189,"column":null}},"8":{"start":{"line":191,"column":19},"end":{"line":195,"column":null}},"9":{"start":{"line":197,"column":16},"end":{"line":199,"column":null}},"10":{"start":{"line":201,"column":16},"end":{"line":207,"column":null}},"11":{"start":{"line":209,"column":17},"end":{"line":214,"column":null}},"12":{"start":{"line":216,"column":18},"end":{"line":221,"column":null}},"13":{"start":{"line":223,"column":24},"end":{"line":225,"column":null}},"14":{"start":{"line":227,"column":19},"end":{"line":232,"column":null}},"15":{"start":{"line":234,"column":16},"end":{"line":238,"column":null}},"16":{"start":{"line":240,"column":22},"end":{"line":244,"column":null}},"17":{"start":{"line":246,"column":19},"end":{"line":252,"column":null}},"18":{"start":{"line":254,"column":18},"end":{"line":259,"column":null}},"19":{"start":{"line":261,"column":23},"end":{"line":264,"column":null}},"20":{"start":{"line":266,"column":21},"end":{"line":271,"column":null}},"21":{"start":{"line":273,"column":27},"end":{"line":278,"column":null}},"22":{"start":{"line":280,"column":24},"end":{"line":283,"column":null}},"23":{"start":{"line":285,"column":15},"end":{"line":295,"column":null}},"24":{"start":{"line":297,"column":23},"end":{"line":302,"column":null}},"25":{"start":{"line":304,"column":23},"end":{"line":309,"column":null}},"26":{"start":{"line":311,"column":20},"end":{"line":316,"column":null}},"27":{"start":{"line":318,"column":15},"end":{"line":324,"column":null}}},"fnMap":{"0":{"name":"Email","decl":{"start":{"line":22,"column":24},"end":{"line":22,"column":30}},"loc":{"start":{"line":22,"column":141},"end":{"line":144,"column":null}},"line":22}},"branchMap":{"0":{"loc":{"start":{"line":22,"column":32},"end":{"line":22,"column":54}},"type":"default-arg","locations":[{"start":{"line":22,"column":43},"end":{"line":22,"column":54}}],"line":22},"1":{"loc":{"start":{"line":22,"column":54},"end":{"line":22,"column":87}},"type":"default-arg","locations":[{"start":{"line":22,"column":66},"end":{"line":22,"column":87}}],"line":22},"2":{"loc":{"start":{"line":22,"column":87},"end":{"line":22,"column":119}},"type":"default-arg","locations":[{"start":{"line":22,"column":106},"end":{"line":22,"column":119}}],"line":22}},"s":{"0":1,"1":1,"2":1,"3":1,"4":1,"5":1,"6":1,"7":1,"8":1,"9":1,"10":1,"11":1,"12":1,"13":1,"14":1,"15":1,"16":1,"17":1,"18":1,"19":1,"20":1,"21":1,"22":1,"23":1,"24":1,"25":1,"26":1,"27":1},"f":{"0":1},"b":{"0":[1],"1":[1],"2":[1]},"meta":{"lastBranch":3,"lastFunction":1,"lastStatement":28,"seen":{"f:22:24:22:30":0,"b:22:43:22:54":0,"b:22:66:22:87":1,"b:22:106:22:119":2,"s:23:2:142:Infinity":0,"s:147:13:151:Infinity":1,"s:153:18:158:Infinity":2,"s:160:20:163:Infinity":3,"s:165:18:168:Infinity":4,"s:170:19:177:Infinity":5,"s:179:16:182:Infinity":6,"s:184:17:189:Infinity":7,"s:191:19:195:Infinity":8,"s:197:16:199:Infinity":9,"s:201:16:207:Infinity":10,"s:209:17:214:Infinity":11,"s:216:18:221:Infinity":12,"s:223:24:225:Infinity":13,"s:227:19:232:Infinity":14,"s:234:16:238:Infinity":15,"s:240:22:244:Infinity":16,"s:246:19:252:Infinity":17,"s:254:18:259:Infinity":18,"s:261:23:264:Infinity":19,"s:266:21:271:Infinity":20,"s:273:27:278:Infinity":21,"s:280:24:283:Infinity":22,"s:285:15:295:Infinity":23,"s:297:23:302:Infinity":24,"s:304:23:309:Infinity":25,"s:311:20:316:Infinity":26,"s:318:15:324:Infinity":27}}}
,"/Users/danielgomez/Desktop/Clases/Cuarto/SyTW/QuickPark/backend/src/routes/auth.ts": {"path":"/Users/danielgomez/Desktop/Clases/Cuarto/SyTW/QuickPark/backend/src/routes/auth.ts","statementMap":{"0":{"start":{"line":11,"column":15},"end":{"line":11,"column":null}},"1":{"start":{"line":13,"column":22},"end":{"line":13,"column":null}},"2":{"start":{"line":18,"column":22},"end":{"line":22,"column":null}},"3":{"start":{"line":30,"column":22},"end":{"line":34,"column":null}},"4":{"start":{"line":31,"column":2},"end":{"line":33,"column":null}},"5":{"start":{"line":39,"column":0},"end":{"line":91,"column":null}},"6":{"start":{"line":40,"column":40},"end":{"line":40,"column":null}},"7":{"start":{"line":42,"column":2},"end":{"line":44,"column":null}},"8":{"start":{"line":43,"column":4},"end":{"line":43,"column":null}},"9":{"start":{"line":46,"column":21},"end":{"line":46,"column":null}},"10":{"start":{"line":48,"column":2},"end":{"line":50,"column":null}},"11":{"start":{"line":49,"column":4},"end":{"line":49,"column":null}},"12":{"start":{"line":52,"column":27},"end":{"line":52,"column":null}},"13":{"start":{"line":54,"column":18},"end":{"line":57,"column":null}},"14":{"start":{"line":59,"column":16},"end":{"line":59,"column":null}},"15":{"start":{"line":60,"column":2},"end":{"line":60,"column":null}},"16":{"start":{"line":62,"column":19},"end":{"line":62,"column":null}},"17":{"start":{"line":65,"column":2},"end":{"line":68,"column":null}},"18":{"start":{"line":66,"column":4},"end":{"line":66,"column":null}},"19":{"start":{"line":67,"column":4},"end":{"line":67,"column":null}},"20":{"start":{"line":71,"column":2},"end":{"line":88,"column":null}},"21":{"start":{"line":72,"column":22},"end":{"line":76,"column":null}},"22":{"start":{"line":78,"column":4},"end":{"line":83,"column":null}},"23":{"start":{"line":85,"column":4},"end":{"line":85,"column":null}},"24":{"start":{"line":87,"column":4},"end":{"line":87,"column":null}},"25":{"start":{"line":90,"column":2},"end":{"line":90,"column":null}},"26":{"start":{"line":96,"column":0},"end":{"line":126,"column":null}},"27":{"start":{"line":97,"column":32},"end":{"line":97,"column":null}},"28":{"start":{"line":99,"column":2},"end":{"line":101,"column":null}},"29":{"start":{"line":100,"column":4},"end":{"line":100,"column":null}},"30":{"start":{"line":103,"column":15},"end":{"line":103,"column":null}},"31":{"start":{"line":105,"column":2},"end":{"line":107,"column":null}},"32":{"start":{"line":106,"column":4},"end":{"line":106,"column":null}},"33":{"start":{"line":109,"column":19},"end":{"line":109,"column":null}},"34":{"start":{"line":110,"column":18},"end":{"line":110,"column":null}},"35":{"start":{"line":112,"column":2},"end":{"line":114,"column":null}},"36":{"start":{"line":113,"column":4},"end":{"line":113,"column":null}},"37":{"start":{"line":116,"column":16},"end":{"line":116,"column":null}},"38":{"start":{"line":117,"column":2},"end":{"line":117,"column":null}},"39":{"start":{"line":120,"column":2},"end":{"line":123,"column":null}},"40":{"start":{"line":121,"column":4},"end":{"line":121,"column":null}},"41":{"start":{"line":122,"column":4},"end":{"line":122,"column":null}},"42":{"start":{"line":125,"column":2},"end":{"line":125,"column":null}},"43":{"start":{"line":131,"column":0},"end":{"line":141,"column":null}},"44":{"start":{"line":132,"column":16},"end":{"line":132,"column":null}},"45":{"start":{"line":135,"column":2},"end":{"line":138,"column":null}},"46":{"start":{"line":136,"column":4},"end":{"line":136,"column":null}},"47":{"start":{"line":137,"column":4},"end":{"line":137,"column":null}},"48":{"start":{"line":140,"column":2},"end":{"line":140,"column":null}},"49":{"start":{"line":146,"column":0},"end":{"line":149,"column":null}},"50":{"start":{"line":147,"column":2},"end":{"line":147,"column":null}},"51":{"start":{"line":148,"column":2},"end":{"line":148,"column":null}},"52":{"start":{"line":154,"column":0},"end":{"line":209,"column":null}},"53":{"start":{"line":155,"column":2},"end":{"line":208,"column":null}},"54":{"start":{"line":156,"column":20},"end":{"line":156,"column":null}},"55":{"start":{"line":157,"column":30},"end":{"line":157,"column":null}},"56":{"start":{"line":159,"column":4},"end":{"line":161,"column":null}},"57":{"start":{"line":160,"column":6},"end":{"line":160,"column":null}},"58":{"start":{"line":164,"column":24},"end":{"line":167,"column":null}},"59":{"start":{"line":169,"column":4},"end":{"line":171,"column":null}},"60":{"start":{"line":170,"column":6},"end":{"line":170,"column":null}},"61":{"start":{"line":174,"column":22},"end":{"line":174,"column":null}},"62":{"start":{"line":175,"column":31},"end":{"line":175,"column":null}},"63":{"start":{"line":178,"column":4},"end":{"line":184,"column":null}},"64":{"start":{"line":179,"column":6},"end":{"line":179,"column":null}},"65":{"start":{"line":180,"column":6},"end":{"line":180,"column":null}},"66":{"start":{"line":182,"column":6},"end":{"line":182,"column":null}},"67":{"start":{"line":183,"column":6},"end":{"line":183,"column":null}},"68":{"start":{"line":186,"column":19},"end":{"line":186,"column":null}},"69":{"start":{"line":188,"column":4},"end":{"line":190,"column":null}},"70":{"start":{"line":189,"column":6},"end":{"line":189,"column":null}},"71":{"start":{"line":192,"column":24},"end":{"line":192,"column":null}},"72":{"start":{"line":195,"column":4},"end":{"line":198,"column":null}},"73":{"start":{"line":196,"column":6},"end":{"line":196,"column":null}},"74":{"start":{"line":197,"column":6},"end":{"line":197,"column":null}},"75":{"start":{"line":200,"column":4},"end":{"line":203,"column":null}},"76":{"start":{"line":206,"column":4},"end":{"line":206,"column":null}},"77":{"start":{"line":207,"column":4},"end":{"line":207,"column":null}}},"fnMap":{"0":{"name":"(anonymous_0)","decl":{"start":{"line":30,"column":22},"end":{"line":30,"column":23}},"loc":{"start":{"line":30,"column":42},"end":{"line":34,"column":null}},"line":30},"1":{"name":"(anonymous_1)","decl":{"start":{"line":39,"column":25},"end":{"line":39,"column":32}},"loc":{"start":{"line":39,"column":45},"end":{"line":91,"column":1}},"line":39},"2":{"name":"(anonymous_2)","decl":{"start":{"line":96,"column":22},"end":{"line":96,"column":29}},"loc":{"start":{"line":96,"column":42},"end":{"line":126,"column":1}},"line":96},"3":{"name":"(anonymous_3)","decl":{"start":{"line":131,"column":27},"end":{"line":131,"column":34}},"loc":{"start":{"line":131,"column":47},"end":{"line":141,"column":1}},"line":131},"4":{"name":"(anonymous_4)","decl":{"start":{"line":146,"column":23},"end":{"line":146,"column":24}},"loc":{"start":{"line":146,"column":37},"end":{"line":149,"column":1}},"line":146},"5":{"name":"(anonymous_5)","decl":{"start":{"line":154,"column":60},"end":{"line":154,"column":67}},"loc":{"start":{"line":154,"column":80},"end":{"line":209,"column":1}},"line":154}},"branchMap":{"0":{"loc":{"start":{"line":42,"column":2},"end":{"line":44,"column":null}},"type":"if","locations":[{"start":{"line":42,"column":2},"end":{"line":44,"column":null}},{"start":{},"end":{}}],"line":42},"1":{"loc":{"start":{"line":42,"column":6},"end":{"line":42,"column":40}},"type":"binary-expr","locations":[{"start":{"line":42,"column":6},"end":{"line":42,"column":17}},{"start":{"line":42,"column":17},"end":{"line":42,"column":27}},{"start":{"line":42,"column":27},"end":{"line":42,"column":40}}],"line":42},"2":{"loc":{"start":{"line":48,"column":2},"end":{"line":50,"column":null}},"type":"if","locations":[{"start":{"line":48,"column":2},"end":{"line":50,"column":null}},{"start":{},"end":{}}],"line":48},"3":{"loc":{"start":{"line":65,"column":2},"end":{"line":68,"column":null}},"type":"if","locations":[{"start":{"line":65,"column":2},"end":{"line":68,"column":null}},{"start":{},"end":{}}],"line":65},"4":{"loc":{"start":{"line":99,"column":2},"end":{"line":101,"column":null}},"type":"if","locations":[{"start":{"line":99,"column":2},"end":{"line":101,"column":null}},{"start":{},"end":{}}],"line":99},"5":{"loc":{"start":{"line":99,"column":6},"end":{"line":99,"column":29}},"type":"binary-expr","locations":[{"start":{"line":99,"column":6},"end":{"line":99,"column":16}},{"start":{"line":99,"column":16},"end":{"line":99,"column":29}}],"line":99},"6":{"loc":{"start":{"line":105,"column":2},"end":{"line":107,"column":null}},"type":"if","locations":[{"start":{"line":105,"column":2},"end":{"line":107,"column":null}},{"start":{},"end":{}}],"line":105},"7":{"loc":{"start":{"line":112,"column":2},"end":{"line":114,"column":null}},"type":"if","locations":[{"start":{"line":112,"column":2},"end":{"line":114,"column":null}},{"start":{},"end":{}}],"line":112},"8":{"loc":{"start":{"line":120,"column":2},"end":{"line":123,"column":null}},"type":"if","locations":[{"start":{"line":120,"column":2},"end":{"line":123,"column":null}},{"start":{},"end":{}}],"line":120},"9":{"loc":{"start":{"line":135,"column":2},"end":{"line":138,"column":null}},"type":"if","locations":[{"start":{"line":135,"column":2},"end":{"line":138,"column":null}},{"start":{},"end":{}}],"line":135},"10":{"loc":{"start":{"line":159,"column":4},"end":{"line":161,"column":null}},"type":"if","locations":[{"start":{"line":159,"column":4},"end":{"line":161,"column":null}},{"start":{},"end":{}}],"line":159},"11":{"loc":{"start":{"line":159,"column":8},"end":{"line":159,"column":27}},"type":"binary-expr","locations":[{"start":{"line":159,"column":8},"end":{"line":159,"column":19}},{"start":{"line":159,"column":19},"end":{"line":159,"column":27}}],"line":159},"12":{"loc":{"start":{"line":169,"column":4},"end":{"line":171,"column":null}},"type":"if","locations":[{"start":{"line":169,"column":4},"end":{"line":171,"column":null}},{"start":{},"end":{}}],"line":169},"13":{"loc":{"start":{"line":178,"column":4},"end":{"line":184,"column":null}},"type":"if","locations":[{"start":{"line":178,"column":4},"end":{"line":184,"column":null}},{"start":{"line":181,"column":11},"end":{"line":184,"column":null}}],"line":178},"14":{"loc":{"start":{"line":188,"column":4},"end":{"line":190,"column":null}},"type":"if","locations":[{"start":{"line":188,"column":4},"end":{"line":190,"column":null}},{"start":{},"end":{}}],"line":188},"15":{"loc":{"start":{"line":195,"column":4},"end":{"line":198,"column":null}},"type":"if","locations":[{"start":{"line":195,"column":4},"end":{"line":198,"column":null}},{"start":{},"end":{}}],"line":195}},"s":{"0":1,"1":1,"2":1,"3":1,"4":2,"5":1,"6":3,"7":3,"8":1,"9":2,"10":2,"11":1,"12":1,"13":1,"14":1,"15":1,"16":1,"17":1,"18":0,"19":0,"20":1,"21":1,"22":1,"23":1,"24":0,"25":1,"26":1,"27":4,"28":4,"29":1,"30":3,"31":3,"32":1,"33":2,"34":2,"35":2,"36":1,"37":1,"38":1,"39":1,"40":0,"41":0,"42":1,"43":1,"44":1,"45":1,"46":0,"47":0,"48":1,"49":1,"50":1,"51":1,"52":1,"53":4,"54":4,"55":4,"56":4,"57":1,"58":3,"59":3,"60":1,"61":2,"62":2,"63":2,"64":1,"65":1,"66":1,"67":1,"68":2,"69":2,"70":0,"71":2,"72":2,"73":1,"74":1,"75":2,"76":0,"77":0},"f":{"0":2,"1":3,"2":4,"3":1,"4":1,"5":4},"b":{"0":[1,2],"1":[3,3,2],"2":[1,1],"3":[0,1],"4":[1,3],"5":[4,4],"6":[1,2],"7":[1,1],"8":[0,1],"9":[0,1],"10":[1,3],"11":[4,4],"12":[1,2],"13":[1,1],"14":[0,2],"15":[1,1]},"meta":{"lastBranch":16,"lastFunction":6,"lastStatement":78,"seen":{"s:11:15:11:Infinity":0,"s:13:22:13:Infinity":1,"s:18:22:22:Infinity":2,"s:30:22:34:Infinity":3,"f:30:22:30:23":0,"s:31:2:33:Infinity":4,"s:39:0:91:Infinity":5,"f:39:25:39:32":1,"s:40:40:40:Infinity":6,"b:42:2:44:Infinity:undefined:undefined:undefined:undefined":0,"s:42:2:44:Infinity":7,"b:42:6:42:17:42:17:42:27:42:27:42:40":1,"s:43:4:43:Infinity":8,"s:46:21:46:Infinity":9,"b:48:2:50:Infinity:undefined:undefined:undefined:undefined":2,"s:48:2:50:Infinity":10,"s:49:4:49:Infinity":11,"s:52:27:52:Infinity":12,"s:54:18:57:Infinity":13,"s:59:16:59:Infinity":14,"s:60:2:60:Infinity":15,"s:62:19:62:Infinity":16,"b:65:2:68:Infinity:undefined:undefined:undefined:undefined":3,"s:65:2:68:Infinity":17,"s:66:4:66:Infinity":18,"s:67:4:67:Infinity":19,"s:71:2:88:Infinity":20,"s:72:22:76:Infinity":21,"s:78:4:83:Infinity":22,"s:85:4:85:Infinity":23,"s:87:4:87:Infinity":24,"s:90:2:90:Infinity":25,"s:96:0:126:Infinity":26,"f:96:22:96:29":2,"s:97:32:97:Infinity":27,"b:99:2:101:Infinity:undefined:undefined:undefined:undefined":4,"s:99:2:101:Infinity":28,"b:99:6:99:16:99:16:99:29":5,"s:100:4:100:Infinity":29,"s:103:15:103:Infinity":30,"b:105:2:107:Infinity:undefined:undefined:undefined:undefined":6,"s:105:2:107:Infinity":31,"s:106:4:106:Infinity":32,"s:109:19:109:Infinity":33,"s:110:18:110:Infinity":34,"b:112:2:114:Infinity:undefined:undefined:undefined:undefined":7,"s:112:2:114:Infinity":35,"s:113:4:113:Infinity":36,"s:116:16:116:Infinity":37,"s:117:2:117:Infinity":38,"b:120:2:123:Infinity:undefined:undefined:undefined:undefined":8,"s:120:2:123:Infinity":39,"s:121:4:121:Infinity":40,"s:122:4:122:Infinity":41,"s:125:2:125:Infinity":42,"s:131:0:141:Infinity":43,"f:131:27:131:34":3,"s:132:16:132:Infinity":44,"b:135:2:138:Infinity:undefined:undefined:undefined:undefined":9,"s:135:2:138:Infinity":45,"s:136:4:136:Infinity":46,"s:137:4:137:Infinity":47,"s:140:2:140:Infinity":48,"s:146:0:149:Infinity":49,"f:146:23:146:24":4,"s:147:2:147:Infinity":50,"s:148:2:148:Infinity":51,"s:154:0:209:Infinity":52,"f:154:60:154:67":5,"s:155:2:208:Infinity":53,"s:156:20:156:Infinity":54,"s:157:30:157:Infinity":55,"b:159:4:161:Infinity:undefined:undefined:undefined:undefined":10,"s:159:4:161:Infinity":56,"b:159:8:159:19:159:19:159:27":11,"s:160:6:160:Infinity":57,"s:164:24:167:Infinity":58,"b:169:4:171:Infinity:undefined:undefined:undefined:undefined":12,"s:169:4:171:Infinity":59,"s:170:6:170:Infinity":60,"s:174:22:174:Infinity":61,"s:175:31:175:Infinity":62,"b:178:4:184:Infinity:181:11:184:Infinity":13,"s:178:4:184:Infinity":63,"s:179:6:179:Infinity":64,"s:180:6:180:Infinity":65,"s:182:6:182:Infinity":66,"s:183:6:183:Infinity":67,"s:186:19:186:Infinity":68,"b:188:4:190:Infinity:undefined:undefined:undefined:undefined":14,"s:188:4:190:Infinity":69,"s:189:6:189:Infinity":70,"s:192:24:192:Infinity":71,"b:195:4:198:Infinity:undefined:undefined:undefined:undefined":15,"s:195:4:198:Infinity":72,"s:196:6:196:Infinity":73,"s:197:6:197:Infinity":74,"s:200:4:203:Infinity":75,"s:206:4:206:Infinity":76,"s:207:4:207:Infinity":77}}}
,"/Users/danielgomez/Desktop/Clases/Cuarto/SyTW/QuickPark/backend/src/routes/contactRoutes.ts": {"path":"/Users/danielgomez/Desktop/Clases/Cuarto/SyTW/QuickPark/backend/src/routes/contactRoutes.ts","statementMap":{"0":{"start":{"line":5,"column":0},"end":{"line":5,"column":null}},"1":{"start":{"line":6,"column":13},"end":{"line":6,"column":null}},"2":{"start":{"line":11,"column":0},"end":{"line":40,"column":null}},"3":{"start":{"line":13,"column":21},"end":{"line":13,"column":null}},"4":{"start":{"line":15,"column":2},"end":{"line":18,"column":null}},"5":{"start":{"line":16,"column":4},"end":{"line":16,"column":null}},"6":{"start":{"line":17,"column":4},"end":{"line":17,"column":null}},"7":{"start":{"line":20,"column":2},"end":{"line":39,"column":null}},"8":{"start":{"line":22,"column":57},"end":{"line":22,"column":null}},"9":{"start":{"line":24,"column":17},"end":{"line":29,"column":null}},"10":{"start":{"line":32,"column":26},"end":{"line":32,"column":null}},"11":{"start":{"line":34,"column":4},"end":{"line":34,"column":null}},"12":{"start":{"line":37,"column":4},"end":{"line":37,"column":null}},"13":{"start":{"line":38,"column":4},"end":{"line":38,"column":null}}},"fnMap":{"0":{"name":"(anonymous_0)","decl":{"start":{"line":11,"column":17},"end":{"line":11,"column":24}},"loc":{"start":{"line":11,"column":56},"end":{"line":40,"column":1}},"line":11}},"branchMap":{"0":{"loc":{"start":{"line":15,"column":2},"end":{"line":18,"column":null}},"type":"if","locations":[{"start":{"line":15,"column":2},"end":{"line":18,"column":null}},{"start":{},"end":{}}],"line":15},"1":{"loc":{"start":{"line":27,"column":22},"end":{"line":27,"column":52}},"type":"binary-expr","locations":[{"start":{"line":27,"column":22},"end":{"line":27,"column":34}},{"start":{"line":27,"column":34},"end":{"line":27,"column":52}}],"line":27},"2":{"loc":{"start":{"line":37,"column":44},"end":{"line":37,"column":81}},"type":"binary-expr","locations":[{"start":{"line":37,"column":44},"end":{"line":37,"column":68}},{"start":{"line":37,"column":68},"end":{"line":37,"column":81}}],"line":37}},"s":{"0":1,"1":1,"2":1,"3":5,"4":5,"5":1,"6":1,"7":4,"8":4,"9":4,"10":5,"11":3,"12":1,"13":1},"f":{"0":5},"b":{"0":[1,4],"1":[4,2],"2":[1,1]},"meta":{"lastBranch":3,"lastFunction":1,"lastStatement":14,"seen":{"s:5:0:5:Infinity":0,"s:6:13:6:Infinity":1,"s:11:0:40:Infinity":2,"f:11:17:11:24":0,"s:13:21:13:Infinity":3,"b:15:2:18:Infinity:undefined:undefined:undefined:undefined":0,"s:15:2:18:Infinity":4,"s:16:4:16:Infinity":5,"s:17:4:17:Infinity":6,"s:20:2:39:Infinity":7,"s:22:57:22:Infinity":8,"s:24:17:29:Infinity":9,"b:27:22:27:34:27:34:27:52":1,"s:32:26:32:Infinity":10,"s:34:4:34:Infinity":11,"s:37:4:37:Infinity":12,"b:37:44:37:68:37:68:37:81":2,"s:38:4:38:Infinity":13}}}
,"/Users/danielgomez/Desktop/Clases/Cuarto/SyTW/QuickPark/backend/src/routes/garageRoutes.ts": {"path":"/Users/danielgomez/Desktop/Clases/Cuarto/SyTW/QuickPark/backend/src/routes/garageRoutes.ts","statementMap":{"0":{"start":{"line":11,"column":15},"end":{"line":13,"column":null}},"1":{"start":{"line":15,"column":22},"end":{"line":15,"column":null}},"2":{"start":{"line":20,"column":0},"end":{"line":105,"column":null}},"3":{"start":{"line":21,"column":45},"end":{"line":21,"column":null}},"4":{"start":{"line":22,"column":25},"end":{"line":22,"column":null}},"5":{"start":{"line":25,"column":2},"end":{"line":29,"column":null}},"6":{"start":{"line":26,"column":4},"end":{"line":28,"column":null}},"7":{"start":{"line":31,"column":2},"end":{"line":104,"column":null}},"8":{"start":{"line":33,"column":26},"end":{"line":33,"column":null}},"9":{"start":{"line":34,"column":26},"end":{"line":34,"column":null}},"10":{"start":{"line":36,"column":4},"end":{"line":66,"column":null}},"11":{"start":{"line":37,"column":6},"end":{"line":57,"column":null}},"12":{"start":{"line":38,"column":24},"end":{"line":47,"column":null}},"13":{"start":{"line":49,"column":8},"end":{"line":49,"column":null}},"14":{"start":{"line":50,"column":8},"end":{"line":50,"column":null}},"15":{"start":{"line":53,"column":8},"end":{"line":53,"column":null}},"16":{"start":{"line":55,"column":8},"end":{"line":55,"column":null}},"17":{"start":{"line":56,"column":8},"end":{"line":56,"column":null}},"18":{"start":{"line":60,"column":6},"end":{"line":65,"column":null}},"19":{"start":{"line":61,"column":24},"end":{"line":61,"column":null}},"20":{"start":{"line":62,"column":8},"end":{"line":62,"column":null}},"21":{"start":{"line":64,"column":8},"end":{"line":64,"column":null}},"22":{"start":{"line":69,"column":24},"end":{"line":69,"column":null}},"23":{"start":{"line":71,"column":18},"end":{"line":71,"column":null}},"24":{"start":{"line":76,"column":19},"end":{"line":85,"column":null}},"25":{"start":{"line":87,"column":41},"end":{"line":87,"column":null}},"26":{"start":{"line":88,"column":19},"end":{"line":88,"column":null}},"27":{"start":{"line":91,"column":4},"end":{"line":94,"column":null}},"28":{"start":{"line":92,"column":7},"end":{"line":92,"column":null}},"29":{"start":{"line":93,"column":6},"end":{"line":93,"column":null}},"30":{"start":{"line":96,"column":4},"end":{"line":100,"column":null}},"31":{"start":{"line":102,"column":4},"end":{"line":102,"column":null}},"32":{"start":{"line":103,"column":4},"end":{"line":103,"column":null}},"33":{"start":{"line":110,"column":0},"end":{"line":170,"column":null}},"34":{"start":{"line":111,"column":2},"end":{"line":169,"column":null}},"35":{"start":{"line":112,"column":40},"end":{"line":112,"column":null}},"36":{"start":{"line":115,"column":4},"end":{"line":119,"column":null}},"37":{"start":{"line":116,"column":6},"end":{"line":118,"column":null}},"38":{"start":{"line":122,"column":4},"end":{"line":126,"column":null}},"39":{"start":{"line":123,"column":6},"end":{"line":125,"column":null}},"40":{"start":{"line":129,"column":18},"end":{"line":129,"column":null}},"41":{"start":{"line":147,"column":41},"end":{"line":147,"column":null}},"42":{"start":{"line":149,"column":4},"end":{"line":151,"column":null}},"43":{"start":{"line":150,"column":6},"end":{"line":150,"column":null}},"44":{"start":{"line":154,"column":20},"end":{"line":163,"column":null}},"45":{"start":{"line":155,"column":6},"end":{"line":161,"column":null}},"46":{"start":{"line":156,"column":8},"end":{"line":160,"column":null}},"47":{"start":{"line":162,"column":6},"end":{"line":162,"column":null}},"48":{"start":{"line":165,"column":4},"end":{"line":165,"column":null}},"49":{"start":{"line":167,"column":4},"end":{"line":167,"column":null}},"50":{"start":{"line":168,"column":4},"end":{"line":168,"column":null}},"51":{"start":{"line":175,"column":0},"end":{"line":233,"column":null}},"52":{"start":{"line":176,"column":2},"end":{"line":232,"column":null}},"53":{"start":{"line":177,"column":67},"end":{"line":177,"column":null}},"54":{"start":{"line":179,"column":16},"end":{"line":179,"column":null}},"55":{"start":{"line":180,"column":26},"end":{"line":180,"column":null}},"56":{"start":{"line":181,"column":21},"end":{"line":181,"column":null}},"57":{"start":{"line":184,"column":4},"end":{"line":188,"column":null}},"58":{"start":{"line":185,"column":6},"end":{"line":185,"column":null}},"59":{"start":{"line":186,"column":6},"end":{"line":186,"column":null}},"60":{"start":{"line":187,"column":6},"end":{"line":187,"column":null}},"61":{"start":{"line":190,"column":4},"end":{"line":194,"column":null}},"62":{"start":{"line":191,"column":6},"end":{"line":191,"column":null}},"63":{"start":{"line":192,"column":6},"end":{"line":192,"column":null}},"64":{"start":{"line":193,"column":6},"end":{"line":193,"column":null}},"65":{"start":{"line":196,"column":4},"end":{"line":200,"column":null}},"66":{"start":{"line":197,"column":6},"end":{"line":197,"column":null}},"67":{"start":{"line":198,"column":6},"end":{"line":198,"column":null}},"68":{"start":{"line":199,"column":6},"end":{"line":199,"column":null}},"69":{"start":{"line":202,"column":4},"end":{"line":206,"column":null}},"70":{"start":{"line":203,"column":6},"end":{"line":203,"column":null}},"71":{"start":{"line":204,"column":6},"end":{"line":204,"column":null}},"72":{"start":{"line":205,"column":6},"end":{"line":205,"column":null}},"73":{"start":{"line":208,"column":4},"end":{"line":208,"column":null}},"74":{"start":{"line":210,"column":41},"end":{"line":210,"column":null}},"75":{"start":{"line":212,"column":4},"end":{"line":228,"column":null}},"76":{"start":{"line":214,"column":22},"end":{"line":223,"column":null}},"77":{"start":{"line":215,"column":8},"end":{"line":221,"column":null}},"78":{"start":{"line":216,"column":10},"end":{"line":220,"column":null}},"79":{"start":{"line":222,"column":8},"end":{"line":222,"column":null}},"80":{"start":{"line":225,"column":6},"end":{"line":225,"column":null}},"81":{"start":{"line":227,"column":6},"end":{"line":227,"column":null}},"82":{"start":{"line":230,"column":4},"end":{"line":230,"column":null}},"83":{"start":{"line":231,"column":4},"end":{"line":231,"column":null}},"84":{"start":{"line":238,"column":0},"end":{"line":336,"column":null}},"85":{"start":{"line":239,"column":17},"end":{"line":239,"column":null}},"86":{"start":{"line":240,"column":57},"end":{"line":240,"column":null}},"87":{"start":{"line":241,"column":17},"end":{"line":241,"column":null}},"88":{"start":{"line":243,"column":2},"end":{"line":335,"column":null}},"89":{"start":{"line":245,"column":23},"end":{"line":245,"column":null}},"90":{"start":{"line":246,"column":24},"end":{"line":246,"column":null}},"91":{"start":{"line":248,"column":4},"end":{"line":250,"column":null}},"92":{"start":{"line":249,"column":6},"end":{"line":249,"column":null}},"93":{"start":{"line":252,"column":4},"end":{"line":254,"column":null}},"94":{"start":{"line":253,"column":6},"end":{"line":253,"column":null}},"95":{"start":{"line":257,"column":30},"end":{"line":257,"column":null}},"96":{"start":{"line":258,"column":26},"end":{"line":258,"column":null}},"97":{"start":{"line":259,"column":21},"end":{"line":259,"column":null}},"98":{"start":{"line":261,"column":4},"end":{"line":276,"column":null}},"99":{"start":{"line":263,"column":26},"end":{"line":263,"column":null}},"100":{"start":{"line":265,"column":6},"end":{"line":265,"column":null}},"101":{"start":{"line":266,"column":6},"end":{"line":266,"column":null}},"102":{"start":{"line":267,"column":6},"end":{"line":267,"column":null}},"103":{"start":{"line":269,"column":6},"end":{"line":269,"column":null}},"104":{"start":{"line":270,"column":6},"end":{"line":270,"column":null}},"105":{"start":{"line":271,"column":6},"end":{"line":271,"column":null}},"106":{"start":{"line":273,"column":6},"end":{"line":273,"column":null}},"107":{"start":{"line":274,"column":6},"end":{"line":274,"column":null}},"108":{"start":{"line":275,"column":6},"end":{"line":275,"column":null}},"109":{"start":{"line":278,"column":4},"end":{"line":282,"column":null}},"110":{"start":{"line":279,"column":6},"end":{"line":279,"column":null}},"111":{"start":{"line":280,"column":6},"end":{"line":280,"column":null}},"112":{"start":{"line":281,"column":6},"end":{"line":281,"column":null}},"113":{"start":{"line":284,"column":4},"end":{"line":288,"column":null}},"114":{"start":{"line":285,"column":6},"end":{"line":285,"column":null}},"115":{"start":{"line":286,"column":6},"end":{"line":286,"column":null}},"116":{"start":{"line":287,"column":6},"end":{"line":287,"column":null}},"117":{"start":{"line":290,"column":4},"end":{"line":294,"column":null}},"118":{"start":{"line":291,"column":6},"end":{"line":291,"column":null}},"119":{"start":{"line":292,"column":6},"end":{"line":292,"column":null}},"120":{"start":{"line":293,"column":6},"end":{"line":293,"column":null}},"121":{"start":{"line":296,"column":4},"end":{"line":300,"column":null}},"122":{"start":{"line":297,"column":6},"end":{"line":297,"column":null}},"123":{"start":{"line":298,"column":6},"end":{"line":298,"column":null}},"124":{"start":{"line":299,"column":6},"end":{"line":299,"column":null}},"125":{"start":{"line":302,"column":4},"end":{"line":306,"column":null}},"126":{"start":{"line":303,"column":6},"end":{"line":305,"column":null}},"127":{"start":{"line":308,"column":4},"end":{"line":308,"column":null}},"128":{"start":{"line":310,"column":18},"end":{"line":313,"column":null}},"129":{"start":{"line":317,"column":41},"end":{"line":317,"column":null}},"130":{"start":{"line":319,"column":4},"end":{"line":321,"column":null}},"131":{"start":{"line":320,"column":6},"end":{"line":320,"column":null}},"132":{"start":{"line":323,"column":19},"end":{"line":323,"column":null}},"133":{"start":{"line":326,"column":4},"end":{"line":329,"column":null}},"134":{"start":{"line":327,"column":7},"end":{"line":327,"column":null}},"135":{"start":{"line":328,"column":6},"end":{"line":328,"column":null}},"136":{"start":{"line":331,"column":4},"end":{"line":331,"column":null}},"137":{"start":{"line":333,"column":4},"end":{"line":333,"column":null}},"138":{"start":{"line":334,"column":4},"end":{"line":334,"column":null}},"139":{"start":{"line":341,"column":0},"end":{"line":366,"column":null}},"140":{"start":{"line":342,"column":17},"end":{"line":342,"column":null}},"141":{"start":{"line":343,"column":17},"end":{"line":343,"column":null}},"142":{"start":{"line":345,"column":2},"end":{"line":365,"column":null}},"143":{"start":{"line":347,"column":23},"end":{"line":347,"column":null}},"144":{"start":{"line":348,"column":24},"end":{"line":348,"column":null}},"145":{"start":{"line":350,"column":4},"end":{"line":352,"column":null}},"146":{"start":{"line":351,"column":6},"end":{"line":351,"column":null}},"147":{"start":{"line":354,"column":4},"end":{"line":356,"column":null}},"148":{"start":{"line":355,"column":6},"end":{"line":355,"column":null}},"149":{"start":{"line":358,"column":18},"end":{"line":358,"column":null}},"150":{"start":{"line":359,"column":41},"end":{"line":359,"column":null}},"151":{"start":{"line":361,"column":4},"end":{"line":361,"column":null}},"152":{"start":{"line":363,"column":4},"end":{"line":363,"column":null}},"153":{"start":{"line":364,"column":4},"end":{"line":364,"column":null}}},"fnMap":{"0":{"name":"(anonymous_0)","decl":{"start":{"line":20,"column":58},"end":{"line":20,"column":65}},"loc":{"start":{"line":20,"column":83},"end":{"line":105,"column":1}},"line":20},"1":{"name":"(anonymous_1)","decl":{"start":{"line":110,"column":25},"end":{"line":110,"column":32}},"loc":{"start":{"line":110,"column":45},"end":{"line":170,"column":1}},"line":110},"2":{"name":"(anonymous_2)","decl":{"start":{"line":154,"column":36},"end":{"line":154,"column":46}},"loc":{"start":{"line":154,"column":46},"end":{"line":163,"column":5}},"line":154},"3":{"name":"(anonymous_3)","decl":{"start":{"line":175,"column":16},"end":{"line":175,"column":23}},"loc":{"start":{"line":175,"column":36},"end":{"line":233,"column":1}},"line":175},"4":{"name":"(anonymous_4)","decl":{"start":{"line":214,"column":38},"end":{"line":214,"column":48}},"loc":{"start":{"line":214,"column":48},"end":{"line":223,"column":7}},"line":214},"5":{"name":"(anonymous_5)","decl":{"start":{"line":238,"column":62},"end":{"line":238,"column":69}},"loc":{"start":{"line":238,"column":87},"end":{"line":336,"column":1}},"line":238},"6":{"name":"(anonymous_6)","decl":{"start":{"line":341,"column":31},"end":{"line":341,"column":38}},"loc":{"start":{"line":341,"column":56},"end":{"line":366,"column":1}},"line":341}},"branchMap":{"0":{"loc":{"start":{"line":25,"column":2},"end":{"line":29,"column":null}},"type":"if","locations":[{"start":{"line":25,"column":2},"end":{"line":29,"column":null}},{"start":{},"end":{}}],"line":25},"1":{"loc":{"start":{"line":25,"column":6},"end":{"line":25,"column":29}},"type":"binary-expr","locations":[{"start":{"line":25,"column":6},"end":{"line":25,"column":20}},{"start":{"line":25,"column":20},"end":{"line":25,"column":29}}],"line":25},"2":{"loc":{"start":{"line":36,"column":4},"end":{"line":66,"column":null}},"type":"if","locations":[{"start":{"line":36,"column":4},"end":{"line":66,"column":null}},{"start":{"line":58,"column":11},"end":{"line":66,"column":null}}],"line":36},"3":{"loc":{"start":{"line":41,"column":17},"end":{"line":41,"column":null}},"type":"binary-expr","locations":[{"start":{"line":41,"column":17},"end":{"line":41,"column":35}},{"start":{"line":41,"column":35},"end":{"line":41,"column":null}}],"line":41},"4":{"loc":{"start":{"line":62,"column":26},"end":{"line":62,"column":null}},"type":"binary-expr","locations":[{"start":{"line":62,"column":26},"end":{"line":62,"column":56}},{"start":{"line":62,"column":56},"end":{"line":62,"column":null}}],"line":62},"5":{"loc":{"start":{"line":79,"column":6},"end":{"line":79,"column":null}},"type":"binary-expr","locations":[{"start":{"line":79,"column":6},"end":{"line":79,"column":26}},{"start":{"line":79,"column":26},"end":{"line":79,"column":null}}],"line":79},"6":{"loc":{"start":{"line":80,"column":6},"end":{"line":80,"column":null}},"type":"binary-expr","locations":[{"start":{"line":80,"column":6},"end":{"line":80,"column":26}},{"start":{"line":80,"column":26},"end":{"line":80,"column":null}}],"line":80},"7":{"loc":{"start":{"line":81,"column":6},"end":{"line":81,"column":null}},"type":"binary-expr","locations":[{"start":{"line":81,"column":6},"end":{"line":81,"column":21}},{"start":{"line":81,"column":21},"end":{"line":81,"column":null}}],"line":81},"8":{"loc":{"start":{"line":82,"column":6},"end":{"line":82,"column":null}},"type":"cond-expr","locations":[{"start":{"line":82,"column":17},"end":{"line":82,"column":35}},{"start":{"line":82,"column":35},"end":{"line":82,"column":null}}],"line":82},"9":{"loc":{"start":{"line":91,"column":4},"end":{"line":94,"column":null}},"type":"if","locations":[{"start":{"line":91,"column":4},"end":{"line":94,"column":null}},{"start":{},"end":{}}],"line":91},"10":{"loc":{"start":{"line":99,"column":25},"end":{"line":99,"column":null}},"type":"cond-expr","locations":[{"start":{"line":99,"column":43},"end":{"line":99,"column":61}},{"start":{"line":99,"column":61},"end":{"line":99,"column":null}}],"line":99},"11":{"loc":{"start":{"line":115,"column":4},"end":{"line":119,"column":null}},"type":"if","locations":[{"start":{"line":115,"column":4},"end":{"line":119,"column":null}},{"start":{},"end":{}}],"line":115},"12":{"loc":{"start":{"line":115,"column":8},"end":{"line":115,"column":37}},"type":"binary-expr","locations":[{"start":{"line":115,"column":8},"end":{"line":115,"column":25}},{"start":{"line":115,"column":25},"end":{"line":115,"column":37}}],"line":115},"13":{"loc":{"start":{"line":122,"column":4},"end":{"line":126,"column":null}},"type":"if","locations":[{"start":{"line":122,"column":4},"end":{"line":126,"column":null}},{"start":{},"end":{}}],"line":122},"14":{"loc":{"start":{"line":149,"column":4},"end":{"line":151,"column":null}},"type":"if","locations":[{"start":{"line":149,"column":4},"end":{"line":151,"column":null}},{"start":{},"end":{}}],"line":149},"15":{"loc":{"start":{"line":155,"column":6},"end":{"line":161,"column":null}},"type":"if","locations":[{"start":{"line":155,"column":6},"end":{"line":161,"column":null}},{"start":{},"end":{}}],"line":155},"16":{"loc":{"start":{"line":184,"column":4},"end":{"line":188,"column":null}},"type":"if","locations":[{"start":{"line":184,"column":4},"end":{"line":188,"column":null}},{"start":{},"end":{}}],"line":184},"17":{"loc":{"start":{"line":190,"column":4},"end":{"line":194,"column":null}},"type":"if","locations":[{"start":{"line":190,"column":4},"end":{"line":194,"column":null}},{"start":{},"end":{}}],"line":190},"18":{"loc":{"start":{"line":196,"column":4},"end":{"line":200,"column":null}},"type":"if","locations":[{"start":{"line":196,"column":4},"end":{"line":200,"column":null}},{"start":{},"end":{}}],"line":196},"19":{"loc":{"start":{"line":202,"column":4},"end":{"line":206,"column":null}},"type":"if","locations":[{"start":{"line":202,"column":4},"end":{"line":206,"column":null}},{"start":{},"end":{}}],"line":202},"20":{"loc":{"start":{"line":212,"column":4},"end":{"line":228,"column":null}},"type":"if","locations":[{"start":{"line":212,"column":4},"end":{"line":228,"column":null}},{"start":{"line":226,"column":11},"end":{"line":228,"column":null}}],"line":212},"21":{"loc":{"start":{"line":215,"column":8},"end":{"line":221,"column":null}},"type":"if","locations":[{"start":{"line":215,"column":8},"end":{"line":221,"column":null}},{"start":{},"end":{}}],"line":215},"22":{"loc":{"start":{"line":248,"column":4},"end":{"line":250,"column":null}},"type":"if","locations":[{"start":{"line":248,"column":4},"end":{"line":250,"column":null}},{"start":{},"end":{}}],"line":248},"23":{"loc":{"start":{"line":252,"column":4},"end":{"line":254,"column":null}},"type":"if","locations":[{"start":{"line":252,"column":4},"end":{"line":254,"column":null}},{"start":{},"end":{}}],"line":252},"24":{"loc":{"start":{"line":261,"column":4},"end":{"line":276,"column":null}},"type":"if","locations":[{"start":{"line":261,"column":4},"end":{"line":276,"column":null}},{"start":{},"end":{}}],"line":261},"25":{"loc":{"start":{"line":270,"column":18},"end":{"line":270,"column":42}},"type":"binary-expr","locations":[{"start":{"line":270,"column":18},"end":{"line":270,"column":38}},{"start":{"line":270,"column":38},"end":{"line":270,"column":42}}],"line":270},"26":{"loc":{"start":{"line":274,"column":18},"end":{"line":274,"column":42}},"type":"binary-expr","locations":[{"start":{"line":274,"column":18},"end":{"line":274,"column":38}},{"start":{"line":274,"column":38},"end":{"line":274,"column":42}}],"line":274},"27":{"loc":{"start":{"line":278,"column":4},"end":{"line":282,"column":null}},"type":"if","locations":[{"start":{"line":278,"column":4},"end":{"line":282,"column":null}},{"start":{},"end":{}}],"line":278},"28":{"loc":{"start":{"line":284,"column":4},"end":{"line":288,"column":null}},"type":"if","locations":[{"start":{"line":284,"column":4},"end":{"line":288,"column":null}},{"start":{},"end":{}}],"line":284},"29":{"loc":{"start":{"line":290,"column":4},"end":{"line":294,"column":null}},"type":"if","locations":[{"start":{"line":290,"column":4},"end":{"line":294,"column":null}},{"start":{},"end":{}}],"line":290},"30":{"loc":{"start":{"line":292,"column":18},"end":{"line":292,"column":62}},"type":"binary-expr","locations":[{"start":{"line":292,"column":18},"end":{"line":292,"column":43}},{"start":{"line":292,"column":43},"end":{"line":292,"column":62}}],"line":292},"31":{"loc":{"start":{"line":296,"column":4},"end":{"line":300,"column":null}},"type":"if","locations":[{"start":{"line":296,"column":4},"end":{"line":300,"column":null}},{"start":{},"end":{}}],"line":296},"32":{"loc":{"start":{"line":302,"column":4},"end":{"line":306,"column":null}},"type":"if","locations":[{"start":{"line":302,"column":4},"end":{"line":306,"column":null}},{"start":{},"end":{}}],"line":302},"33":{"loc":{"start":{"line":319,"column":4},"end":{"line":321,"column":null}},"type":"if","locations":[{"start":{"line":319,"column":4},"end":{"line":321,"column":null}},{"start":{},"end":{}}],"line":319},"34":{"loc":{"start":{"line":326,"column":4},"end":{"line":329,"column":null}},"type":"if","locations":[{"start":{"line":326,"column":4},"end":{"line":329,"column":null}},{"start":{},"end":{}}],"line":326},"35":{"loc":{"start":{"line":350,"column":4},"end":{"line":352,"column":null}},"type":"if","locations":[{"start":{"line":350,"column":4},"end":{"line":352,"column":null}},{"start":{},"end":{}}],"line":350},"36":{"loc":{"start":{"line":354,"column":4},"end":{"line":356,"column":null}},"type":"if","locations":[{"start":{"line":354,"column":4},"end":{"line":356,"column":null}},{"start":{},"end":{}}],"line":354}},"s":{"0":1,"1":1,"2":1,"3":4,"4":4,"5":4,"6":1,"7":3,"8":3,"9":3,"10":3,"11":0,"12":0,"13":0,"14":0,"15":0,"16":0,"17":0,"18":3,"19":3,"20":3,"21":2,"22":3,"23":3,"24":3,"25":4,"26":2,"27":2,"28":0,"29":0,"30":2,"31":1,"32":1,"33":1,"34":0,"35":0,"36":0,"37":0,"38":0,"39":0,"40":0,"41":0,"42":0,"43":0,"44":0,"45":0,"46":0,"47":0,"48":0,"49":0,"50":0,"51":1,"52":4,"53":4,"54":4,"55":4,"56":4,"57":4,"58":1,"59":1,"60":1,"61":4,"62":0,"63":0,"64":0,"65":4,"66":1,"67":1,"68":1,"69":4,"70":1,"71":1,"72":1,"73":4,"74":4,"75":4,"76":3,"77":4,"78":0,"79":4,"80":3,"81":1,"82":0,"83":0,"84":1,"85":4,"86":4,"87":4,"88":4,"89":4,"90":4,"91":4,"92":1,"93":3,"94":0,"95":3,"96":3,"97":3,"98":3,"99":1,"100":1,"101":1,"102":1,"103":1,"104":1,"105":1,"106":1,"107":1,"108":1,"109":3,"110":0,"111":0,"112":0,"113":3,"114":1,"115":1,"116":1,"117":3,"118":1,"119":1,"120":1,"121":3,"122":0,"123":0,"124":0,"125":3,"126":2,"127":1,"128":1,"129":1,"130":1,"131":0,"132":1,"133":1,"134":0,"135":0,"136":1,"137":0,"138":0,"139":1,"140":2,"141":2,"142":2,"143":2,"144":2,"145":2,"146":1,"147":1,"148":0,"149":1,"150":1,"151":1,"152":0,"153":0},"f":{"0":4,"1":0,"2":0,"3":4,"4":4,"5":4,"6":2},"b":{"0":[1,3],"1":[4,4],"2":[0,3],"3":[0,0],"4":[3,1],"5":[3,2],"6":[4,2],"7":[4,2],"8":[0,3],"9":[0,2],"10":[0,2],"11":[0,0],"12":[0,0],"13":[0,0],"14":[0,0],"15":[0,0],"16":[1,3],"17":[0,4],"18":[1,3],"19":[1,3],"20":[3,1],"21":[0,4],"22":[1,3],"23":[0,3],"24":[1,2],"25":[1,1],"26":[1,1],"27":[0,3],"28":[1,2],"29":[1,2],"30":[1,1],"31":[0,3],"32":[2,1],"33":[0,1],"34":[0,1],"35":[1,1],"36":[0,1]},"meta":{"lastBranch":37,"lastFunction":7,"lastStatement":154,"seen":{"s:11:15:13:Infinity":0,"s:15:22:15:Infinity":1,"s:20:0:105:Infinity":2,"f:20:58:20:65":0,"s:21:45:21:Infinity":3,"s:22:25:22:Infinity":4,"b:25:2:29:Infinity:undefined:undefined:undefined:undefined":0,"s:25:2:29:Infinity":5,"b:25:6:25:20:25:20:25:29":1,"s:26:4:28:Infinity":6,"s:31:2:104:Infinity":7,"s:33:26:33:Infinity":8,"s:34:26:34:Infinity":9,"b:36:4:66:Infinity:58:11:66:Infinity":2,"s:36:4:66:Infinity":10,"s:37:6:57:Infinity":11,"s:38:24:47:Infinity":12,"b:41:17:41:35:41:35:41:Infinity":3,"s:49:8:49:Infinity":13,"s:50:8:50:Infinity":14,"s:53:8:53:Infinity":15,"s:55:8:55:Infinity":16,"s:56:8:56:Infinity":17,"s:60:6:65:Infinity":18,"s:61:24:61:Infinity":19,"s:62:8:62:Infinity":20,"b:62:26:62:56:62:56:62:Infinity":4,"s:64:8:64:Infinity":21,"s:69:24:69:Infinity":22,"s:71:18:71:Infinity":23,"s:76:19:85:Infinity":24,"b:79:6:79:26:79:26:79:Infinity":5,"b:80:6:80:26:80:26:80:Infinity":6,"b:81:6:81:21:81:21:81:Infinity":7,"b:82:17:82:35:82:35:82:Infinity":8,"s:87:41:87:Infinity":25,"s:88:19:88:Infinity":26,"b:91:4:94:Infinity:undefined:undefined:undefined:undefined":9,"s:91:4:94:Infinity":27,"s:92:7:92:Infinity":28,"s:93:6:93:Infinity":29,"s:96:4:100:Infinity":30,"b:99:43:99:61:99:61:99:Infinity":10,"s:102:4:102:Infinity":31,"s:103:4:103:Infinity":32,"s:110:0:170:Infinity":33,"f:110:25:110:32":1,"s:111:2:169:Infinity":34,"s:112:40:112:Infinity":35,"b:115:4:119:Infinity:undefined:undefined:undefined:undefined":11,"s:115:4:119:Infinity":36,"b:115:8:115:25:115:25:115:37":12,"s:116:6:118:Infinity":37,"b:122:4:126:Infinity:undefined:undefined:undefined:undefined":13,"s:122:4:126:Infinity":38,"s:123:6:125:Infinity":39,"s:129:18:129:Infinity":40,"s:147:41:147:Infinity":41,"b:149:4:151:Infinity:undefined:undefined:undefined:undefined":14,"s:149:4:151:Infinity":42,"s:150:6:150:Infinity":43,"s:154:20:163:Infinity":44,"f:154:36:154:46":2,"b:155:6:161:Infinity:undefined:undefined:undefined:undefined":15,"s:155:6:161:Infinity":45,"s:156:8:160:Infinity":46,"s:162:6:162:Infinity":47,"s:165:4:165:Infinity":48,"s:167:4:167:Infinity":49,"s:168:4:168:Infinity":50,"s:175:0:233:Infinity":51,"f:175:16:175:23":3,"s:176:2:232:Infinity":52,"s:177:67:177:Infinity":53,"s:179:16:179:Infinity":54,"s:180:26:180:Infinity":55,"s:181:21:181:Infinity":56,"b:184:4:188:Infinity:undefined:undefined:undefined:undefined":16,"s:184:4:188:Infinity":57,"s:185:6:185:Infinity":58,"s:186:6:186:Infinity":59,"s:187:6:187:Infinity":60,"b:190:4:194:Infinity:undefined:undefined:undefined:undefined":17,"s:190:4:194:Infinity":61,"s:191:6:191:Infinity":62,"s:192:6:192:Infinity":63,"s:193:6:193:Infinity":64,"b:196:4:200:Infinity:undefined:undefined:undefined:undefined":18,"s:196:4:200:Infinity":65,"s:197:6:197:Infinity":66,"s:198:6:198:Infinity":67,"s:199:6:199:Infinity":68,"b:202:4:206:Infinity:undefined:undefined:undefined:undefined":19,"s:202:4:206:Infinity":69,"s:203:6:203:Infinity":70,"s:204:6:204:Infinity":71,"s:205:6:205:Infinity":72,"s:208:4:208:Infinity":73,"s:210:41:210:Infinity":74,"b:212:4:228:Infinity:226:11:228:Infinity":20,"s:212:4:228:Infinity":75,"s:214:22:223:Infinity":76,"f:214:38:214:48":4,"b:215:8:221:Infinity:undefined:undefined:undefined:undefined":21,"s:215:8:221:Infinity":77,"s:216:10:220:Infinity":78,"s:222:8:222:Infinity":79,"s:225:6:225:Infinity":80,"s:227:6:227:Infinity":81,"s:230:4:230:Infinity":82,"s:231:4:231:Infinity":83,"s:238:0:336:Infinity":84,"f:238:62:238:69":5,"s:239:17:239:Infinity":85,"s:240:57:240:Infinity":86,"s:241:17:241:Infinity":87,"s:243:2:335:Infinity":88,"s:245:23:245:Infinity":89,"s:246:24:246:Infinity":90,"b:248:4:250:Infinity:undefined:undefined:undefined:undefined":22,"s:248:4:250:Infinity":91,"s:249:6:249:Infinity":92,"b:252:4:254:Infinity:undefined:undefined:undefined:undefined":23,"s:252:4:254:Infinity":93,"s:253:6:253:Infinity":94,"s:257:30:257:Infinity":95,"s:258:26:258:Infinity":96,"s:259:21:259:Infinity":97,"b:261:4:276:Infinity:undefined:undefined:undefined:undefined":24,"s:261:4:276:Infinity":98,"s:263:26:263:Infinity":99,"s:265:6:265:Infinity":100,"s:266:6:266:Infinity":101,"s:267:6:267:Infinity":102,"s:269:6:269:Infinity":103,"s:270:6:270:Infinity":104,"b:270:18:270:38:270:38:270:42":25,"s:271:6:271:Infinity":105,"s:273:6:273:Infinity":106,"s:274:6:274:Infinity":107,"b:274:18:274:38:274:38:274:42":26,"s:275:6:275:Infinity":108,"b:278:4:282:Infinity:undefined:undefined:undefined:undefined":27,"s:278:4:282:Infinity":109,"s:279:6:279:Infinity":110,"s:280:6:280:Infinity":111,"s:281:6:281:Infinity":112,"b:284:4:288:Infinity:undefined:undefined:undefined:undefined":28,"s:284:4:288:Infinity":113,"s:285:6:285:Infinity":114,"s:286:6:286:Infinity":115,"s:287:6:287:Infinity":116,"b:290:4:294:Infinity:undefined:undefined:undefined:undefined":29,"s:290:4:294:Infinity":117,"s:291:6:291:Infinity":118,"s:292:6:292:Infinity":119,"b:292:18:292:43:292:43:292:62":30,"s:293:6:293:Infinity":120,"b:296:4:300:Infinity:undefined:undefined:undefined:undefined":31,"s:296:4:300:Infinity":121,"s:297:6:297:Infinity":122,"s:298:6:298:Infinity":123,"s:299:6:299:Infinity":124,"b:302:4:306:Infinity:undefined:undefined:undefined:undefined":32,"s:302:4:306:Infinity":125,"s:303:6:305:Infinity":126,"s:308:4:308:Infinity":127,"s:310:18:313:Infinity":128,"s:317:41:317:Infinity":129,"b:319:4:321:Infinity:undefined:undefined:undefined:undefined":33,"s:319:4:321:Infinity":130,"s:320:6:320:Infinity":131,"s:323:19:323:Infinity":132,"b:326:4:329:Infinity:undefined:undefined:undefined:undefined":34,"s:326:4:329:Infinity":133,"s:327:7:327:Infinity":134,"s:328:6:328:Infinity":135,"s:331:4:331:Infinity":136,"s:333:4:333:Infinity":137,"s:334:4:334:Infinity":138,"s:341:0:366:Infinity":139,"f:341:31:341:38":6,"s:342:17:342:Infinity":140,"s:343:17:343:Infinity":141,"s:345:2:365:Infinity":142,"s:347:23:347:Infinity":143,"s:348:24:348:Infinity":144,"b:350:4:352:Infinity:undefined:undefined:undefined:undefined":35,"s:350:4:352:Infinity":145,"s:351:6:351:Infinity":146,"b:354:4:356:Infinity:undefined:undefined:undefined:undefined":36,"s:354:4:356:Infinity":147,"s:355:6:355:Infinity":148,"s:358:18:358:Infinity":149,"s:359:41:359:Infinity":150,"s:361:4:361:Infinity":151,"s:363:4:363:Infinity":152,"s:364:4:364:Infinity":153}}}
,"/Users/danielgomez/Desktop/Clases/Cuarto/SyTW/QuickPark/backend/src/routes/payment.ts": {"path":"/Users/danielgomez/Desktop/Clases/Cuarto/SyTW/QuickPark/backend/src/routes/payment.ts","statementMap":{"0":{"start":{"line":4,"column":22},"end":{"line":4,"column":null}},"1":{"start":{"line":7,"column":15},"end":{"line":9,"column":null}},"2":{"start":{"line":14,"column":0},"end":{"line":44,"column":null}},"3":{"start":{"line":15,"column":2},"end":{"line":43,"column":null}},"4":{"start":{"line":16,"column":56},"end":{"line":16,"column":null}},"5":{"start":{"line":18,"column":4},"end":{"line":20,"column":null}},"6":{"start":{"line":19,"column":6},"end":{"line":19,"column":null}},"7":{"start":{"line":22,"column":26},"end":{"line":32,"column":null}},"8":{"start":{"line":34,"column":4},"end":{"line":34,"column":null}},"9":{"start":{"line":36,"column":4},"end":{"line":39,"column":null}},"10":{"start":{"line":41,"column":4},"end":{"line":41,"column":null}},"11":{"start":{"line":42,"column":4},"end":{"line":42,"column":null}}},"fnMap":{"0":{"name":"(anonymous_0)","decl":{"start":{"line":14,"column":38},"end":{"line":14,"column":45}},"loc":{"start":{"line":14,"column":77},"end":{"line":44,"column":1}},"line":14}},"branchMap":{"0":{"loc":{"start":{"line":18,"column":4},"end":{"line":20,"column":null}},"type":"if","locations":[{"start":{"line":18,"column":4},"end":{"line":20,"column":null}},{"start":{},"end":{}}],"line":18},"1":{"loc":{"start":{"line":18,"column":8},"end":{"line":18,"column":32}},"type":"binary-expr","locations":[{"start":{"line":18,"column":8},"end":{"line":18,"column":19}},{"start":{"line":18,"column":19},"end":{"line":18,"column":32}}],"line":18}},"s":{"0":1,"1":1,"2":1,"3":8,"4":8,"5":8,"6":3,"7":5,"8":4,"9":4,"10":1,"11":1},"f":{"0":8},"b":{"0":[3,5],"1":[8,6]},"meta":{"lastBranch":2,"lastFunction":1,"lastStatement":12,"seen":{"s:4:22:4:Infinity":0,"s:7:15:9:Infinity":1,"s:14:0:44:Infinity":2,"f:14:38:14:45":0,"s:15:2:43:Infinity":3,"s:16:56:16:Infinity":4,"b:18:4:20:Infinity:undefined:undefined:undefined:undefined":0,"s:18:4:20:Infinity":5,"b:18:8:18:19:18:19:18:32":1,"s:19:6:19:Infinity":6,"s:22:26:32:Infinity":7,"s:34:4:34:Infinity":8,"s:36:4:39:Infinity":9,"s:41:4:41:Infinity":10,"s:42:4:42:Infinity":11}}}
,"/Users/danielgomez/Desktop/Clases/Cuarto/SyTW/QuickPark/backend/src/routes/stripeRoutes.ts": {"path":"/Users/danielgomez/Desktop/Clases/Cuarto/SyTW/QuickPark/backend/src/routes/stripeRoutes.ts","statementMap":{"0":{"start":{"line":5,"column":22},"end":{"line":5,"column":null}},"1":{"start":{"line":8,"column":15},"end":{"line":10,"column":null}},"2":{"start":{"line":15,"column":0},"end":{"line":40,"column":null}},"3":{"start":{"line":16,"column":2},"end":{"line":39,"column":null}},"4":{"start":{"line":17,"column":26},"end":{"line":17,"column":null}},"5":{"start":{"line":19,"column":4},"end":{"line":21,"column":null}},"6":{"start":{"line":20,"column":6},"end":{"line":20,"column":null}},"7":{"start":{"line":24,"column":4},"end":{"line":26,"column":null}},"8":{"start":{"line":25,"column":6},"end":{"line":25,"column":null}},"9":{"start":{"line":28,"column":24},"end":{"line":33,"column":null}},"10":{"start":{"line":35,"column":4},"end":{"line":35,"column":null}},"11":{"start":{"line":37,"column":4},"end":{"line":37,"column":null}},"12":{"start":{"line":38,"column":4},"end":{"line":38,"column":null}}},"fnMap":{"0":{"name":"(anonymous_0)","decl":{"start":{"line":15,"column":38},"end":{"line":15,"column":45}},"loc":{"start":{"line":15,"column":63},"end":{"line":40,"column":1}},"line":15}},"branchMap":{"0":{"loc":{"start":{"line":19,"column":4},"end":{"line":21,"column":null}},"type":"if","locations":[{"start":{"line":19,"column":4},"end":{"line":21,"column":null}},{"start":{},"end":{}}],"line":19},"1":{"loc":{"start":{"line":24,"column":4},"end":{"line":26,"column":null}},"type":"if","locations":[{"start":{"line":24,"column":4},"end":{"line":26,"column":null}},{"start":{},"end":{}}],"line":24}},"s":{"0":1,"1":1,"2":1,"3":7,"4":7,"5":7,"6":1,"7":6,"8":1,"9":5,"10":4,"11":1,"12":1},"f":{"0":7},"b":{"0":[1,6],"1":[1,5]},"meta":{"lastBranch":2,"lastFunction":1,"lastStatement":13,"seen":{"s:5:22:5:Infinity":0,"s:8:15:10:Infinity":1,"s:15:0:40:Infinity":2,"f:15:38:15:45":0,"s:16:2:39:Infinity":3,"s:17:26:17:Infinity":4,"b:19:4:21:Infinity:undefined:undefined:undefined:undefined":0,"s:19:4:21:Infinity":5,"s:20:6:20:Infinity":6,"b:24:4:26:Infinity:undefined:undefined:undefined:undefined":1,"s:24:4:26:Infinity":7,"s:25:6:25:Infinity":8,"s:28:24:33:Infinity":9,"s:35:4:35:Infinity":10,"s:37:4:37:Infinity":11,"s:38:4:38:Infinity":12}}}
,"/Users/danielgomez/Desktop/Clases/Cuarto/SyTW/QuickPark/backend/src/utils/getCoordinatesFromAddress.ts": {"path":"/Users/danielgomez/Desktop/Clases/Cuarto/SyTW/QuickPark/backend/src/utils/getCoordinatesFromAddress.ts","statementMap":{"0":{"start":{"line":7,"column":2},"end":{"line":29,"column":null}},"1":{"start":{"line":8,"column":21},"end":{"line":17,"column":null}},"2":{"start":{"line":19,"column":4},"end":{"line":24,"column":null}},"3":{"start":{"line":20,"column":6},"end":{"line":23,"column":null}},"4":{"start":{"line":25,"column":4},"end":{"line":25,"column":null}},"5":{"start":{"line":27,"column":4},"end":{"line":27,"column":null}},"6":{"start":{"line":28,"column":4},"end":{"line":28,"column":null}}},"fnMap":{"0":{"name":"getCoordinatesFromAddress","decl":{"start":{"line":6,"column":22},"end":{"line":6,"column":48}},"loc":{"start":{"line":6,"column":111},"end":{"line":30,"column":null}},"line":6}},"branchMap":{"0":{"loc":{"start":{"line":19,"column":4},"end":{"line":24,"column":null}},"type":"if","locations":[{"start":{"line":19,"column":4},"end":{"line":24,"column":null}},{"start":{},"end":{}}],"line":19},"1":{"loc":{"start":{"line":19,"column":8},"end":{"line":19,"column":51}},"type":"binary-expr","locations":[{"start":{"line":19,"column":8},"end":{"line":19,"column":25}},{"start":{"line":19,"column":25},"end":{"line":19,"column":51}}],"line":19}},"s":{"0":4,"1":4,"2":4,"3":1,"4":0,"5":3,"6":3},"f":{"0":4},"b":{"0":[1,3],"1":[4,1]},"meta":{"lastBranch":2,"lastFunction":1,"lastStatement":7,"seen":{"f:6:22:6:48":0,"s:7:2:29:Infinity":0,"s:8:21:17:Infinity":1,"b:19:4:24:Infinity:undefined:undefined:undefined:undefined":0,"s:19:4:24:Infinity":2,"b:19:8:19:25:19:25:19:51":1,"s:20:6:23:Infinity":3,"s:25:4:25:Infinity":4,"s:27:4:27:Infinity":5,"s:28:4:28:Infinity":6}}}
}
