{"/home/usuario/Proyecto-E12/backend/src/routes/garageRoutes.ts": {"path":"/home/usuario/Proyecto-E12/backend/src/routes/garageRoutes.ts","statementMap":{"0":{"start":{"line":9,"column":22},"end":{"line":9,"column":null}},"1":{"start":{"line":12,"column":16},"end":{"line":12,"column":null}},"2":{"start":{"line":18,"column":2},"end":{"line":40,"column":null}},"3":{"start":{"line":19,"column":21},"end":{"line":28,"column":null}},"4":{"start":{"line":30,"column":4},"end":{"line":35,"column":null}},"5":{"start":{"line":31,"column":6},"end":{"line":34,"column":null}},"6":{"start":{"line":36,"column":4},"end":{"line":36,"column":null}},"7":{"start":{"line":38,"column":4},"end":{"line":38,"column":null}},"8":{"start":{"line":39,"column":4},"end":{"line":39,"column":null}},"9":{"start":{"line":43,"column":6},"end":{"line":56,"column":null}},"10":{"start":{"line":47,"column":25},"end":{"line":47,"column":null}},"11":{"start":{"line":48,"column":21},"end":{"line":48,"column":null}},"12":{"start":{"line":50,"column":4},"end":{"line":54,"column":null}},"13":{"start":{"line":51,"column":6},"end":{"line":51,"column":null}},"14":{"start":{"line":53,"column":6},"end":{"line":53,"column":null}},"15":{"start":{"line":63,"column":0},"end":{"line":108,"column":null}},"16":{"start":{"line":64,"column":45},"end":{"line":64,"column":null}},"17":{"start":{"line":65,"column":25},"end":{"line":65,"column":null}},"18":{"start":{"line":68,"column":2},"end":{"line":72,"column":null}},"19":{"start":{"line":69,"column":4},"end":{"line":71,"column":null}},"20":{"start":{"line":74,"column":2},"end":{"line":107,"column":null}},"21":{"start":{"line":76,"column":24},"end":{"line":76,"column":null}},"22":{"start":{"line":78,"column":18},"end":{"line":78,"column":null}},"23":{"start":{"line":83,"column":19},"end":{"line":92,"column":null}},"24":{"start":{"line":94,"column":41},"end":{"line":94,"column":null}},"25":{"start":{"line":95,"column":19},"end":{"line":95,"column":null}},"26":{"start":{"line":98,"column":4},"end":{"line":101,"column":null}},"27":{"start":{"line":99,"column":7},"end":{"line":99,"column":null}},"28":{"start":{"line":100,"column":6},"end":{"line":100,"column":null}},"29":{"start":{"line":103,"column":4},"end":{"line":103,"column":null}},"30":{"start":{"line":105,"column":4},"end":{"line":105,"column":null}},"31":{"start":{"line":106,"column":4},"end":{"line":106,"column":null}},"32":{"start":{"line":115,"column":0},"end":{"line":175,"column":null}},"33":{"start":{"line":116,"column":2},"end":{"line":174,"column":null}},"34":{"start":{"line":117,"column":40},"end":{"line":117,"column":null}},"35":{"start":{"line":120,"column":4},"end":{"line":124,"column":null}},"36":{"start":{"line":121,"column":6},"end":{"line":123,"column":null}},"37":{"start":{"line":127,"column":4},"end":{"line":131,"column":null}},"38":{"start":{"line":128,"column":6},"end":{"line":130,"column":null}},"39":{"start":{"line":134,"column":18},"end":{"line":134,"column":null}},"40":{"start":{"line":152,"column":41},"end":{"line":152,"column":null}},"41":{"start":{"line":154,"column":4},"end":{"line":156,"column":null}},"42":{"start":{"line":155,"column":6},"end":{"line":155,"column":null}},"43":{"start":{"line":159,"column":20},"end":{"line":168,"column":null}},"44":{"start":{"line":160,"column":6},"end":{"line":166,"column":null}},"45":{"start":{"line":161,"column":8},"end":{"line":165,"column":null}},"46":{"start":{"line":167,"column":6},"end":{"line":167,"column":null}},"47":{"start":{"line":170,"column":4},"end":{"line":170,"column":null}},"48":{"start":{"line":172,"column":4},"end":{"line":172,"column":null}},"49":{"start":{"line":173,"column":4},"end":{"line":173,"column":null}},"50":{"start":{"line":182,"column":0},"end":{"line":240,"column":null}},"51":{"start":{"line":183,"column":2},"end":{"line":239,"column":null}},"52":{"start":{"line":184,"column":67},"end":{"line":184,"column":null}},"53":{"start":{"line":186,"column":16},"end":{"line":186,"column":null}},"54":{"start":{"line":187,"column":26},"end":{"line":187,"column":null}},"55":{"start":{"line":188,"column":21},"end":{"line":188,"column":null}},"56":{"start":{"line":191,"column":4},"end":{"line":195,"column":null}},"57":{"start":{"line":192,"column":6},"end":{"line":192,"column":null}},"58":{"start":{"line":193,"column":6},"end":{"line":193,"column":null}},"59":{"start":{"line":194,"column":6},"end":{"line":194,"column":null}},"60":{"start":{"line":197,"column":4},"end":{"line":201,"column":null}},"61":{"start":{"line":198,"column":6},"end":{"line":198,"column":null}},"62":{"start":{"line":199,"column":6},"end":{"line":199,"column":null}},"63":{"start":{"line":200,"column":6},"end":{"line":200,"column":null}},"64":{"start":{"line":203,"column":4},"end":{"line":207,"column":null}},"65":{"start":{"line":204,"column":6},"end":{"line":204,"column":null}},"66":{"start":{"line":205,"column":6},"end":{"line":205,"column":null}},"67":{"start":{"line":206,"column":6},"end":{"line":206,"column":null}},"68":{"start":{"line":209,"column":4},"end":{"line":213,"column":null}},"69":{"start":{"line":210,"column":6},"end":{"line":210,"column":null}},"70":{"start":{"line":211,"column":6},"end":{"line":211,"column":null}},"71":{"start":{"line":212,"column":6},"end":{"line":212,"column":null}},"72":{"start":{"line":215,"column":4},"end":{"line":215,"column":null}},"73":{"start":{"line":217,"column":41},"end":{"line":217,"column":null}},"74":{"start":{"line":219,"column":4},"end":{"line":235,"column":null}},"75":{"start":{"line":221,"column":22},"end":{"line":230,"column":null}},"76":{"start":{"line":222,"column":8},"end":{"line":228,"column":null}},"77":{"start":{"line":223,"column":10},"end":{"line":227,"column":null}},"78":{"start":{"line":229,"column":8},"end":{"line":229,"column":null}},"79":{"start":{"line":232,"column":6},"end":{"line":232,"column":null}},"80":{"start":{"line":234,"column":6},"end":{"line":234,"column":null}},"81":{"start":{"line":237,"column":4},"end":{"line":237,"column":null}},"82":{"start":{"line":238,"column":4},"end":{"line":238,"column":null}},"83":{"start":{"line":247,"column":0},"end":{"line":271,"column":null}},"84":{"start":{"line":248,"column":2},"end":{"line":270,"column":null}},"85":{"start":{"line":249,"column":19},"end":{"line":249,"column":null}},"86":{"start":{"line":251,"column":18},"end":{"line":251,"column":null}},"87":{"start":{"line":252,"column":41},"end":{"line":252,"column":null}},"88":{"start":{"line":254,"column":4},"end":{"line":256,"column":null}},"89":{"start":{"line":255,"column":6},"end":{"line":255,"column":null}},"90":{"start":{"line":258,"column":19},"end":{"line":258,"column":null}},"91":{"start":{"line":261,"column":4},"end":{"line":264,"column":null}},"92":{"start":{"line":262,"column":7},"end":{"line":262,"column":null}},"93":{"start":{"line":263,"column":6},"end":{"line":263,"column":null}},"94":{"start":{"line":266,"column":4},"end":{"line":266,"column":null}},"95":{"start":{"line":268,"column":4},"end":{"line":268,"column":null}},"96":{"start":{"line":269,"column":4},"end":{"line":269,"column":null}},"97":{"start":{"line":279,"column":0},"end":{"line":377,"column":null}},"98":{"start":{"line":280,"column":17},"end":{"line":280,"column":null}},"99":{"start":{"line":281,"column":57},"end":{"line":281,"column":null}},"100":{"start":{"line":282,"column":17},"end":{"line":282,"column":null}},"101":{"start":{"line":284,"column":2},"end":{"line":376,"column":null}},"102":{"start":{"line":286,"column":23},"end":{"line":286,"column":null}},"103":{"start":{"line":287,"column":24},"end":{"line":287,"column":null}},"104":{"start":{"line":289,"column":4},"end":{"line":291,"column":null}},"105":{"start":{"line":290,"column":6},"end":{"line":290,"column":null}},"106":{"start":{"line":293,"column":4},"end":{"line":295,"column":null}},"107":{"start":{"line":294,"column":6},"end":{"line":294,"column":null}},"108":{"start":{"line":298,"column":30},"end":{"line":298,"column":null}},"109":{"start":{"line":299,"column":26},"end":{"line":299,"column":null}},"110":{"start":{"line":300,"column":21},"end":{"line":300,"column":null}},"111":{"start":{"line":302,"column":4},"end":{"line":317,"column":null}},"112":{"start":{"line":304,"column":26},"end":{"line":304,"column":null}},"113":{"start":{"line":306,"column":6},"end":{"line":306,"column":null}},"114":{"start":{"line":307,"column":6},"end":{"line":307,"column":null}},"115":{"start":{"line":308,"column":6},"end":{"line":308,"column":null}},"116":{"start":{"line":310,"column":6},"end":{"line":310,"column":null}},"117":{"start":{"line":311,"column":6},"end":{"line":311,"column":null}},"118":{"start":{"line":312,"column":6},"end":{"line":312,"column":null}},"119":{"start":{"line":314,"column":6},"end":{"line":314,"column":null}},"120":{"start":{"line":315,"column":6},"end":{"line":315,"column":null}},"121":{"start":{"line":316,"column":6},"end":{"line":316,"column":null}},"122":{"start":{"line":319,"column":4},"end":{"line":323,"column":null}},"123":{"start":{"line":320,"column":6},"end":{"line":320,"column":null}},"124":{"start":{"line":321,"column":6},"end":{"line":321,"column":null}},"125":{"start":{"line":322,"column":6},"end":{"line":322,"column":null}},"126":{"start":{"line":325,"column":4},"end":{"line":329,"column":null}},"127":{"start":{"line":326,"column":6},"end":{"line":326,"column":null}},"128":{"start":{"line":327,"column":6},"end":{"line":327,"column":null}},"129":{"start":{"line":328,"column":6},"end":{"line":328,"column":null}},"130":{"start":{"line":331,"column":4},"end":{"line":335,"column":null}},"131":{"start":{"line":332,"column":6},"end":{"line":332,"column":null}},"132":{"start":{"line":333,"column":6},"end":{"line":333,"column":null}},"133":{"start":{"line":334,"column":6},"end":{"line":334,"column":null}},"134":{"start":{"line":337,"column":4},"end":{"line":341,"column":null}},"135":{"start":{"line":338,"column":6},"end":{"line":338,"column":null}},"136":{"start":{"line":339,"column":6},"end":{"line":339,"column":null}},"137":{"start":{"line":340,"column":6},"end":{"line":340,"column":null}},"138":{"start":{"line":343,"column":4},"end":{"line":347,"column":null}},"139":{"start":{"line":344,"column":6},"end":{"line":346,"column":null}},"140":{"start":{"line":349,"column":4},"end":{"line":349,"column":null}},"141":{"start":{"line":351,"column":18},"end":{"line":354,"column":null}},"142":{"start":{"line":358,"column":41},"end":{"line":358,"column":null}},"143":{"start":{"line":360,"column":4},"end":{"line":362,"column":null}},"144":{"start":{"line":361,"column":6},"end":{"line":361,"column":null}},"145":{"start":{"line":364,"column":19},"end":{"line":364,"column":null}},"146":{"start":{"line":367,"column":4},"end":{"line":370,"column":null}},"147":{"start":{"line":368,"column":7},"end":{"line":368,"column":null}},"148":{"start":{"line":369,"column":6},"end":{"line":369,"column":null}},"149":{"start":{"line":372,"column":4},"end":{"line":372,"column":null}},"150":{"start":{"line":374,"column":4},"end":{"line":374,"column":null}},"151":{"start":{"line":375,"column":4},"end":{"line":375,"column":null}},"152":{"start":{"line":384,"column":0},"end":{"line":409,"column":null}},"153":{"start":{"line":385,"column":17},"end":{"line":385,"column":null}},"154":{"start":{"line":386,"column":17},"end":{"line":386,"column":null}},"155":{"start":{"line":388,"column":2},"end":{"line":408,"column":null}},"156":{"start":{"line":390,"column":23},"end":{"line":390,"column":null}},"157":{"start":{"line":391,"column":24},"end":{"line":391,"column":null}},"158":{"start":{"line":393,"column":4},"end":{"line":395,"column":null}},"159":{"start":{"line":394,"column":6},"end":{"line":394,"column":null}},"160":{"start":{"line":397,"column":4},"end":{"line":399,"column":null}},"161":{"start":{"line":398,"column":6},"end":{"line":398,"column":null}},"162":{"start":{"line":401,"column":18},"end":{"line":401,"column":null}},"163":{"start":{"line":402,"column":41},"end":{"line":402,"column":null}},"164":{"start":{"line":404,"column":4},"end":{"line":404,"column":null}},"165":{"start":{"line":406,"column":4},"end":{"line":406,"column":null}},"166":{"start":{"line":407,"column":4},"end":{"line":407,"column":null}},"167":{"start":{"line":416,"column":0},"end":{"line":434,"column":null}},"168":{"start":{"line":417,"column":17},"end":{"line":417,"column":null}},"169":{"start":{"line":419,"column":2},"end":{"line":433,"column":null}},"170":{"start":{"line":420,"column":18},"end":{"line":420,"column":null}},"171":{"start":{"line":427,"column":19},"end":{"line":427,"column":null}},"172":{"start":{"line":429,"column":4},"end":{"line":429,"column":null}},"173":{"start":{"line":431,"column":4},"end":{"line":431,"column":null}},"174":{"start":{"line":432,"column":4},"end":{"line":432,"column":null}},"175":{"start":{"line":441,"column":0},"end":{"line":459,"column":null}},"176":{"start":{"line":442,"column":17},"end":{"line":442,"column":null}},"177":{"start":{"line":444,"column":2},"end":{"line":458,"column":null}},"178":{"start":{"line":445,"column":18},"end":{"line":445,"column":null}},"179":{"start":{"line":452,"column":19},"end":{"line":452,"column":null}},"180":{"start":{"line":454,"column":4},"end":{"line":454,"column":null}},"181":{"start":{"line":456,"column":4},"end":{"line":456,"column":null}},"182":{"start":{"line":457,"column":4},"end":{"line":457,"column":null}}},"fnMap":{"0":{"name":"getCoordinatesFromAddress","decl":{"start":{"line":17,"column":15},"end":{"line":17,"column":41}},"loc":{"start":{"line":17,"column":104},"end":{"line":41,"column":null}},"line":17},"1":{"name":"(anonymous_1)","decl":{"start":{"line":46,"column":14},"end":{"line":46,"column":15}},"loc":{"start":{"line":46,"column":33},"end":{"line":55,"column":null}},"line":46},"2":{"name":"(anonymous_2)","decl":{"start":{"line":63,"column":58},"end":{"line":63,"column":65}},"loc":{"start":{"line":63,"column":83},"end":{"line":108,"column":1}},"line":63},"3":{"name":"(anonymous_3)","decl":{"start":{"line":115,"column":25},"end":{"line":115,"column":32}},"loc":{"start":{"line":115,"column":45},"end":{"line":175,"column":1}},"line":115},"4":{"name":"(anonymous_4)","decl":{"start":{"line":159,"column":36},"end":{"line":159,"column":46}},"loc":{"start":{"line":159,"column":46},"end":{"line":168,"column":5}},"line":159},"5":{"name":"(anonymous_5)","decl":{"start":{"line":182,"column":16},"end":{"line":182,"column":23}},"loc":{"start":{"line":182,"column":36},"end":{"line":240,"column":1}},"line":182},"6":{"name":"(anonymous_6)","decl":{"start":{"line":221,"column":38},"end":{"line":221,"column":48}},"loc":{"start":{"line":221,"column":48},"end":{"line":230,"column":7}},"line":221},"7":{"name":"(anonymous_7)","decl":{"start":{"line":247,"column":19},"end":{"line":247,"column":26}},"loc":{"start":{"line":247,"column":39},"end":{"line":271,"column":1}},"line":247},"8":{"name":"(anonymous_8)","decl":{"start":{"line":279,"column":62},"end":{"line":279,"column":69}},"loc":{"start":{"line":279,"column":87},"end":{"line":377,"column":1}},"line":279},"9":{"name":"(anonymous_9)","decl":{"start":{"line":384,"column":31},"end":{"line":384,"column":38}},"loc":{"start":{"line":384,"column":56},"end":{"line":409,"column":1}},"line":384},"10":{"name":"(anonymous_10)","decl":{"start":{"line":416,"column":32},"end":{"line":416,"column":39}},"loc":{"start":{"line":416,"column":52},"end":{"line":434,"column":1}},"line":416},"11":{"name":"(anonymous_11)","decl":{"start":{"line":441,"column":27},"end":{"line":441,"column":34}},"loc":{"start":{"line":441,"column":47},"end":{"line":459,"column":1}},"line":441}},"branchMap":{"0":{"loc":{"start":{"line":30,"column":4},"end":{"line":35,"column":null}},"type":"if","locations":[{"start":{"line":30,"column":4},"end":{"line":35,"column":null}},{"start":{},"end":{}}],"line":30},"1":{"loc":{"start":{"line":30,"column":8},"end":{"line":30,"column":51}},"type":"binary-expr","locations":[{"start":{"line":30,"column":8},"end":{"line":30,"column":25}},{"start":{"line":30,"column":25},"end":{"line":30,"column":51}}],"line":30},"2":{"loc":{"start":{"line":50,"column":4},"end":{"line":54,"column":null}},"type":"if","locations":[{"start":{"line":50,"column":4},"end":{"line":54,"column":null}},{"start":{"line":52,"column":11},"end":{"line":54,"column":null}}],"line":50},"3":{"loc":{"start":{"line":68,"column":2},"end":{"line":72,"column":null}},"type":"if","locations":[{"start":{"line":68,"column":2},"end":{"line":72,"column":null}},{"start":{},"end":{}}],"line":68},"4":{"loc":{"start":{"line":68,"column":6},"end":{"line":68,"column":29}},"type":"binary-expr","locations":[{"start":{"line":68,"column":6},"end":{"line":68,"column":20}},{"start":{"line":68,"column":20},"end":{"line":68,"column":29}}],"line":68},"5":{"loc":{"start":{"line":86,"column":6},"end":{"line":86,"column":null}},"type":"binary-expr","locations":[{"start":{"line":86,"column":6},"end":{"line":86,"column":26}},{"start":{"line":86,"column":26},"end":{"line":86,"column":null}}],"line":86},"6":{"loc":{"start":{"line":87,"column":6},"end":{"line":87,"column":null}},"type":"binary-expr","locations":[{"start":{"line":87,"column":6},"end":{"line":87,"column":26}},{"start":{"line":87,"column":26},"end":{"line":87,"column":null}}],"line":87},"7":{"loc":{"start":{"line":88,"column":6},"end":{"line":88,"column":null}},"type":"binary-expr","locations":[{"start":{"line":88,"column":6},"end":{"line":88,"column":21}},{"start":{"line":88,"column":21},"end":{"line":88,"column":null}}],"line":88},"8":{"loc":{"start":{"line":89,"column":6},"end":{"line":89,"column":null}},"type":"cond-expr","locations":[{"start":{"line":89,"column":17},"end":{"line":89,"column":35}},{"start":{"line":89,"column":35},"end":{"line":89,"column":null}}],"line":89},"9":{"loc":{"start":{"line":98,"column":4},"end":{"line":101,"column":null}},"type":"if","locations":[{"start":{"line":98,"column":4},"end":{"line":101,"column":null}},{"start":{},"end":{}}],"line":98},"10":{"loc":{"start":{"line":120,"column":4},"end":{"line":124,"column":null}},"type":"if","locations":[{"start":{"line":120,"column":4},"end":{"line":124,"column":null}},{"start":{},"end":{}}],"line":120},"11":{"loc":{"start":{"line":120,"column":8},"end":{"line":120,"column":37}},"type":"binary-expr","locations":[{"start":{"line":120,"column":8},"end":{"line":120,"column":25}},{"start":{"line":120,"column":25},"end":{"line":120,"column":37}}],"line":120},"12":{"loc":{"start":{"line":127,"column":4},"end":{"line":131,"column":null}},"type":"if","locations":[{"start":{"line":127,"column":4},"end":{"line":131,"column":null}},{"start":{},"end":{}}],"line":127},"13":{"loc":{"start":{"line":154,"column":4},"end":{"line":156,"column":null}},"type":"if","locations":[{"start":{"line":154,"column":4},"end":{"line":156,"column":null}},{"start":{},"end":{}}],"line":154},"14":{"loc":{"start":{"line":160,"column":6},"end":{"line":166,"column":null}},"type":"if","locations":[{"start":{"line":160,"column":6},"end":{"line":166,"column":null}},{"start":{},"end":{}}],"line":160},"15":{"loc":{"start":{"line":191,"column":4},"end":{"line":195,"column":null}},"type":"if","locations":[{"start":{"line":191,"column":4},"end":{"line":195,"column":null}},{"start":{},"end":{}}],"line":191},"16":{"loc":{"start":{"line":197,"column":4},"end":{"line":201,"column":null}},"type":"if","locations":[{"start":{"line":197,"column":4},"end":{"line":201,"column":null}},{"start":{},"end":{}}],"line":197},"17":{"loc":{"start":{"line":203,"column":4},"end":{"line":207,"column":null}},"type":"if","locations":[{"start":{"line":203,"column":4},"end":{"line":207,"column":null}},{"start":{},"end":{}}],"line":203},"18":{"loc":{"start":{"line":209,"column":4},"end":{"line":213,"column":null}},"type":"if","locations":[{"start":{"line":209,"column":4},"end":{"line":213,"column":null}},{"start":{},"end":{}}],"line":209},"19":{"loc":{"start":{"line":219,"column":4},"end":{"line":235,"column":null}},"type":"if","locations":[{"start":{"line":219,"column":4},"end":{"line":235,"column":null}},{"start":{"line":233,"column":11},"end":{"line":235,"column":null}}],"line":219},"20":{"loc":{"start":{"line":222,"column":8},"end":{"line":228,"column":null}},"type":"if","locations":[{"start":{"line":222,"column":8},"end":{"line":228,"column":null}},{"start":{},"end":{}}],"line":222},"21":{"loc":{"start":{"line":254,"column":4},"end":{"line":256,"column":null}},"type":"if","locations":[{"start":{"line":254,"column":4},"end":{"line":256,"column":null}},{"start":{},"end":{}}],"line":254},"22":{"loc":{"start":{"line":261,"column":4},"end":{"line":264,"column":null}},"type":"if","locations":[{"start":{"line":261,"column":4},"end":{"line":264,"column":null}},{"start":{},"end":{}}],"line":261},"23":{"loc":{"start":{"line":289,"column":4},"end":{"line":291,"column":null}},"type":"if","locations":[{"start":{"line":289,"column":4},"end":{"line":291,"column":null}},{"start":{},"end":{}}],"line":289},"24":{"loc":{"start":{"line":293,"column":4},"end":{"line":295,"column":null}},"type":"if","locations":[{"start":{"line":293,"column":4},"end":{"line":295,"column":null}},{"start":{},"end":{}}],"line":293},"25":{"loc":{"start":{"line":302,"column":4},"end":{"line":317,"column":null}},"type":"if","locations":[{"start":{"line":302,"column":4},"end":{"line":317,"column":null}},{"start":{},"end":{}}],"line":302},"26":{"loc":{"start":{"line":311,"column":18},"end":{"line":311,"column":42}},"type":"binary-expr","locations":[{"start":{"line":311,"column":18},"end":{"line":311,"column":38}},{"start":{"line":311,"column":38},"end":{"line":311,"column":42}}],"line":311},"27":{"loc":{"start":{"line":315,"column":18},"end":{"line":315,"column":42}},"type":"binary-expr","locations":[{"start":{"line":315,"column":18},"end":{"line":315,"column":38}},{"start":{"line":315,"column":38},"end":{"line":315,"column":42}}],"line":315},"28":{"loc":{"start":{"line":319,"column":4},"end":{"line":323,"column":null}},"type":"if","locations":[{"start":{"line":319,"column":4},"end":{"line":323,"column":null}},{"start":{},"end":{}}],"line":319},"29":{"loc":{"start":{"line":325,"column":4},"end":{"line":329,"column":null}},"type":"if","locations":[{"start":{"line":325,"column":4},"end":{"line":329,"column":null}},{"start":{},"end":{}}],"line":325},"30":{"loc":{"start":{"line":331,"column":4},"end":{"line":335,"column":null}},"type":"if","locations":[{"start":{"line":331,"column":4},"end":{"line":335,"column":null}},{"start":{},"end":{}}],"line":331},"31":{"loc":{"start":{"line":333,"column":18},"end":{"line":333,"column":62}},"type":"binary-expr","locations":[{"start":{"line":333,"column":18},"end":{"line":333,"column":43}},{"start":{"line":333,"column":43},"end":{"line":333,"column":62}}],"line":333},"32":{"loc":{"start":{"line":337,"column":4},"end":{"line":341,"column":null}},"type":"if","locations":[{"start":{"line":337,"column":4},"end":{"line":341,"column":null}},{"start":{},"end":{}}],"line":337},"33":{"loc":{"start":{"line":343,"column":4},"end":{"line":347,"column":null}},"type":"if","locations":[{"start":{"line":343,"column":4},"end":{"line":347,"column":null}},{"start":{},"end":{}}],"line":343},"34":{"loc":{"start":{"line":360,"column":4},"end":{"line":362,"column":null}},"type":"if","locations":[{"start":{"line":360,"column":4},"end":{"line":362,"column":null}},{"start":{},"end":{}}],"line":360},"35":{"loc":{"start":{"line":367,"column":4},"end":{"line":370,"column":null}},"type":"if","locations":[{"start":{"line":367,"column":4},"end":{"line":370,"column":null}},{"start":{},"end":{}}],"line":367},"36":{"loc":{"start":{"line":393,"column":4},"end":{"line":395,"column":null}},"type":"if","locations":[{"start":{"line":393,"column":4},"end":{"line":395,"column":null}},{"start":{},"end":{}}],"line":393},"37":{"loc":{"start":{"line":397,"column":4},"end":{"line":399,"column":null}},"type":"if","locations":[{"start":{"line":397,"column":4},"end":{"line":399,"column":null}},{"start":{},"end":{}}],"line":397}},"s":{"0":1,"1":1,"2":4,"3":4,"4":4,"5":0,"6":4,"7":0,"8":0,"9":1,"10":0,"11":0,"12":0,"13":0,"14":0,"15":1,"16":4,"17":4,"18":4,"19":1,"20":3,"21":3,"22":3,"23":3,"24":4,"25":2,"26":2,"27":0,"28":0,"29":2,"30":1,"31":1,"32":1,"33":0,"34":0,"35":0,"36":0,"37":0,"38":0,"39":0,"40":0,"41":0,"42":0,"43":0,"44":0,"45":0,"46":0,"47":0,"48":0,"49":0,"50":1,"51":4,"52":4,"53":4,"54":4,"55":4,"56":4,"57":1,"58":1,"59":1,"60":4,"61":0,"62":0,"63":0,"64":4,"65":1,"66":1,"67":1,"68":4,"69":1,"70":1,"71":1,"72":4,"73":4,"74":4,"75":3,"76":4,"77":0,"78":4,"79":3,"80":1,"81":0,"82":0,"83":1,"84":2,"85":2,"86":2,"87":2,"88":2,"89":1,"90":1,"91":1,"92":0,"93":0,"94":1,"95":0,"96":0,"97":1,"98":4,"99":4,"100":4,"101":4,"102":4,"103":4,"104":4,"105":1,"106":3,"107":0,"108":3,"109":3,"110":3,"111":3,"112":1,"113":1,"114":1,"115":1,"116":1,"117":1,"118":1,"119":1,"120":1,"121":1,"122":3,"123":0,"124":0,"125":0,"126":3,"127":1,"128":1,"129":1,"130":3,"131":1,"132":1,"133":1,"134":3,"135":0,"136":0,"137":0,"138":3,"139":2,"140":1,"141":1,"142":1,"143":1,"144":0,"145":1,"146":1,"147":0,"148":0,"149":1,"150":0,"151":0,"152":1,"153":2,"154":2,"155":2,"156":2,"157":2,"158":2,"159":1,"160":1,"161":0,"162":1,"163":1,"164":1,"165":0,"166":0,"167":1,"168":1,"169":1,"170":1,"171":1,"172":1,"173":0,"174":0,"175":1,"176":1,"177":1,"178":1,"179":1,"180":1,"181":0,"182":0},"f":{"0":4,"1":0,"2":4,"3":0,"4":0,"5":4,"6":4,"7":2,"8":4,"9":2,"10":1,"11":1},"b":{"0":[0,4],"1":[4,4],"2":[0,0],"3":[1,3],"4":[4,4],"5":[3,3],"6":[4,3],"7":[4,2],"8":[0,3],"9":[0,2],"10":[0,0],"11":[0,0],"12":[0,0],"13":[0,0],"14":[0,0],"15":[1,3],"16":[0,4],"17":[1,3],"18":[1,3],"19":[3,1],"20":[0,4],"21":[1,1],"22":[0,1],"23":[1,3],"24":[0,3],"25":[1,2],"26":[1,1],"27":[1,1],"28":[0,3],"29":[1,2],"30":[1,2],"31":[1,1],"32":[0,3],"33":[2,1],"34":[0,1],"35":[0,1],"36":[1,1],"37":[0,1]},"meta":{"lastBranch":38,"lastFunction":12,"lastStatement":183,"seen":{"s:9:22:9:Infinity":0,"s:12:16:12:Infinity":1,"f:17:15:17:41":0,"s:18:2:40:Infinity":2,"s:19:21:28:Infinity":3,"b:30:4:35:Infinity:undefined:undefined:undefined:undefined":0,"s:30:4:35:Infinity":4,"b:30:8:30:25:30:25:30:51":1,"s:31:6:34:Infinity":5,"s:36:4:36:Infinity":6,"s:38:4:38:Infinity":7,"s:39:4:39:Infinity":8,"s:43:6:56:Infinity":9,"f:46:14:46:15":1,"s:47:25:47:Infinity":10,"s:48:21:48:Infinity":11,"b:50:4:54:Infinity:52:11:54:Infinity":2,"s:50:4:54:Infinity":12,"s:51:6:51:Infinity":13,"s:53:6:53:Infinity":14,"s:63:0:108:Infinity":15,"f:63:58:63:65":2,"s:64:45:64:Infinity":16,"s:65:25:65:Infinity":17,"b:68:2:72:Infinity:undefined:undefined:undefined:undefined":3,"s:68:2:72:Infinity":18,"b:68:6:68:20:68:20:68:29":4,"s:69:4:71:Infinity":19,"s:74:2:107:Infinity":20,"s:76:24:76:Infinity":21,"s:78:18:78:Infinity":22,"s:83:19:92:Infinity":23,"b:86:6:86:26:86:26:86:Infinity":5,"b:87:6:87:26:87:26:87:Infinity":6,"b:88:6:88:21:88:21:88:Infinity":7,"b:89:17:89:35:89:35:89:Infinity":8,"s:94:41:94:Infinity":24,"s:95:19:95:Infinity":25,"b:98:4:101:Infinity:undefined:undefined:undefined:undefined":9,"s:98:4:101:Infinity":26,"s:99:7:99:Infinity":27,"s:100:6:100:Infinity":28,"s:103:4:103:Infinity":29,"s:105:4:105:Infinity":30,"s:106:4:106:Infinity":31,"s:115:0:175:Infinity":32,"f:115:25:115:32":3,"s:116:2:174:Infinity":33,"s:117:40:117:Infinity":34,"b:120:4:124:Infinity:undefined:undefined:undefined:undefined":10,"s:120:4:124:Infinity":35,"b:120:8:120:25:120:25:120:37":11,"s:121:6:123:Infinity":36,"b:127:4:131:Infinity:undefined:undefined:undefined:undefined":12,"s:127:4:131:Infinity":37,"s:128:6:130:Infinity":38,"s:134:18:134:Infinity":39,"s:152:41:152:Infinity":40,"b:154:4:156:Infinity:undefined:undefined:undefined:undefined":13,"s:154:4:156:Infinity":41,"s:155:6:155:Infinity":42,"s:159:20:168:Infinity":43,"f:159:36:159:46":4,"b:160:6:166:Infinity:undefined:undefined:undefined:undefined":14,"s:160:6:166:Infinity":44,"s:161:8:165:Infinity":45,"s:167:6:167:Infinity":46,"s:170:4:170:Infinity":47,"s:172:4:172:Infinity":48,"s:173:4:173:Infinity":49,"s:182:0:240:Infinity":50,"f:182:16:182:23":5,"s:183:2:239:Infinity":51,"s:184:67:184:Infinity":52,"s:186:16:186:Infinity":53,"s:187:26:187:Infinity":54,"s:188:21:188:Infinity":55,"b:191:4:195:Infinity:undefined:undefined:undefined:undefined":15,"s:191:4:195:Infinity":56,"s:192:6:192:Infinity":57,"s:193:6:193:Infinity":58,"s:194:6:194:Infinity":59,"b:197:4:201:Infinity:undefined:undefined:undefined:undefined":16,"s:197:4:201:Infinity":60,"s:198:6:198:Infinity":61,"s:199:6:199:Infinity":62,"s:200:6:200:Infinity":63,"b:203:4:207:Infinity:undefined:undefined:undefined:undefined":17,"s:203:4:207:Infinity":64,"s:204:6:204:Infinity":65,"s:205:6:205:Infinity":66,"s:206:6:206:Infinity":67,"b:209:4:213:Infinity:undefined:undefined:undefined:undefined":18,"s:209:4:213:Infinity":68,"s:210:6:210:Infinity":69,"s:211:6:211:Infinity":70,"s:212:6:212:Infinity":71,"s:215:4:215:Infinity":72,"s:217:41:217:Infinity":73,"b:219:4:235:Infinity:233:11:235:Infinity":19,"s:219:4:235:Infinity":74,"s:221:22:230:Infinity":75,"f:221:38:221:48":6,"b:222:8:228:Infinity:undefined:undefined:undefined:undefined":20,"s:222:8:228:Infinity":76,"s:223:10:227:Infinity":77,"s:229:8:229:Infinity":78,"s:232:6:232:Infinity":79,"s:234:6:234:Infinity":80,"s:237:4:237:Infinity":81,"s:238:4:238:Infinity":82,"s:247:0:271:Infinity":83,"f:247:19:247:26":7,"s:248:2:270:Infinity":84,"s:249:19:249:Infinity":85,"s:251:18:251:Infinity":86,"s:252:41:252:Infinity":87,"b:254:4:256:Infinity:undefined:undefined:undefined:undefined":21,"s:254:4:256:Infinity":88,"s:255:6:255:Infinity":89,"s:258:19:258:Infinity":90,"b:261:4:264:Infinity:undefined:undefined:undefined:undefined":22,"s:261:4:264:Infinity":91,"s:262:7:262:Infinity":92,"s:263:6:263:Infinity":93,"s:266:4:266:Infinity":94,"s:268:4:268:Infinity":95,"s:269:4:269:Infinity":96,"s:279:0:377:Infinity":97,"f:279:62:279:69":8,"s:280:17:280:Infinity":98,"s:281:57:281:Infinity":99,"s:282:17:282:Infinity":100,"s:284:2:376:Infinity":101,"s:286:23:286:Infinity":102,"s:287:24:287:Infinity":103,"b:289:4:291:Infinity:undefined:undefined:undefined:undefined":23,"s:289:4:291:Infinity":104,"s:290:6:290:Infinity":105,"b:293:4:295:Infinity:undefined:undefined:undefined:undefined":24,"s:293:4:295:Infinity":106,"s:294:6:294:Infinity":107,"s:298:30:298:Infinity":108,"s:299:26:299:Infinity":109,"s:300:21:300:Infinity":110,"b:302:4:317:Infinity:undefined:undefined:undefined:undefined":25,"s:302:4:317:Infinity":111,"s:304:26:304:Infinity":112,"s:306:6:306:Infinity":113,"s:307:6:307:Infinity":114,"s:308:6:308:Infinity":115,"s:310:6:310:Infinity":116,"s:311:6:311:Infinity":117,"b:311:18:311:38:311:38:311:42":26,"s:312:6:312:Infinity":118,"s:314:6:314:Infinity":119,"s:315:6:315:Infinity":120,"b:315:18:315:38:315:38:315:42":27,"s:316:6:316:Infinity":121,"b:319:4:323:Infinity:undefined:undefined:undefined:undefined":28,"s:319:4:323:Infinity":122,"s:320:6:320:Infinity":123,"s:321:6:321:Infinity":124,"s:322:6:322:Infinity":125,"b:325:4:329:Infinity:undefined:undefined:undefined:undefined":29,"s:325:4:329:Infinity":126,"s:326:6:326:Infinity":127,"s:327:6:327:Infinity":128,"s:328:6:328:Infinity":129,"b:331:4:335:Infinity:undefined:undefined:undefined:undefined":30,"s:331:4:335:Infinity":130,"s:332:6:332:Infinity":131,"s:333:6:333:Infinity":132,"b:333:18:333:43:333:43:333:62":31,"s:334:6:334:Infinity":133,"b:337:4:341:Infinity:undefined:undefined:undefined:undefined":32,"s:337:4:341:Infinity":134,"s:338:6:338:Infinity":135,"s:339:6:339:Infinity":136,"s:340:6:340:Infinity":137,"b:343:4:347:Infinity:undefined:undefined:undefined:undefined":33,"s:343:4:347:Infinity":138,"s:344:6:346:Infinity":139,"s:349:4:349:Infinity":140,"s:351:18:354:Infinity":141,"s:358:41:358:Infinity":142,"b:360:4:362:Infinity:undefined:undefined:undefined:undefined":34,"s:360:4:362:Infinity":143,"s:361:6:361:Infinity":144,"s:364:19:364:Infinity":145,"b:367:4:370:Infinity:undefined:undefined:undefined:undefined":35,"s:367:4:370:Infinity":146,"s:368:7:368:Infinity":147,"s:369:6:369:Infinity":148,"s:372:4:372:Infinity":149,"s:374:4:374:Infinity":150,"s:375:4:375:Infinity":151,"s:384:0:409:Infinity":152,"f:384:31:384:38":9,"s:385:17:385:Infinity":153,"s:386:17:386:Infinity":154,"s:388:2:408:Infinity":155,"s:390:23:390:Infinity":156,"s:391:24:391:Infinity":157,"b:393:4:395:Infinity:undefined:undefined:undefined:undefined":36,"s:393:4:395:Infinity":158,"s:394:6:394:Infinity":159,"b:397:4:399:Infinity:undefined:undefined:undefined:undefined":37,"s:397:4:399:Infinity":160,"s:398:6:398:Infinity":161,"s:401:18:401:Infinity":162,"s:402:41:402:Infinity":163,"s:404:4:404:Infinity":164,"s:406:4:406:Infinity":165,"s:407:4:407:Infinity":166,"s:416:0:434:Infinity":167,"f:416:32:416:39":10,"s:417:17:417:Infinity":168,"s:419:2:433:Infinity":169,"s:420:18:420:Infinity":170,"s:427:19:427:Infinity":171,"s:429:4:429:Infinity":172,"s:431:4:431:Infinity":173,"s:432:4:432:Infinity":174,"s:441:0:459:Infinity":175,"f:441:27:441:34":11,"s:442:17:442:Infinity":176,"s:444:2:458:Infinity":177,"s:445:18:445:Infinity":178,"s:452:19:452:Infinity":179,"s:454:4:454:Infinity":180,"s:456:4:456:Infinity":181,"s:457:4:457:Infinity":182}}}
,"/home/usuario/Proyecto-E12/backend/src/routes/reservationRoutes.ts": {"path":"/home/usuario/Proyecto-E12/backend/src/routes/reservationRoutes.ts","statementMap":{"0":{"start":{"line":10,"column":22},"end":{"line":10,"column":null}},"1":{"start":{"line":16,"column":0},"end":{"line":30,"column":null}},"2":{"start":{"line":17,"column":2},"end":{"line":29,"column":null}},"3":{"start":{"line":18,"column":63},"end":{"line":18,"column":null}},"4":{"start":{"line":20,"column":4},"end":{"line":22,"column":null}},"5":{"start":{"line":21,"column":6},"end":{"line":21,"column":null}},"6":{"start":{"line":24,"column":24},"end":{"line":24,"column":null}},"7":{"start":{"line":25,"column":4},"end":{"line":25,"column":null}},"8":{"start":{"line":27,"column":4},"end":{"line":27,"column":null}},"9":{"start":{"line":28,"column":4},"end":{"line":28,"column":null}},"10":{"start":{"line":36,"column":0},"end":{"line":50,"column":null}},"11":{"start":{"line":37,"column":2},"end":{"line":49,"column":null}},"12":{"start":{"line":38,"column":24},"end":{"line":38,"column":null}},"13":{"start":{"line":39,"column":25},"end":{"line":39,"column":null}},"14":{"start":{"line":41,"column":4},"end":{"line":43,"column":null}},"15":{"start":{"line":42,"column":6},"end":{"line":42,"column":null}},"16":{"start":{"line":45,"column":4},"end":{"line":45,"column":null}},"17":{"start":{"line":47,"column":4},"end":{"line":47,"column":null}},"18":{"start":{"line":48,"column":4},"end":{"line":48,"column":null}},"19":{"start":{"line":56,"column":0},"end":{"line":70,"column":null}},"20":{"start":{"line":57,"column":2},"end":{"line":69,"column":null}},"21":{"start":{"line":58,"column":19},"end":{"line":58,"column":null}},"22":{"start":{"line":59,"column":24},"end":{"line":59,"column":null}},"23":{"start":{"line":61,"column":4},"end":{"line":63,"column":null}},"24":{"start":{"line":62,"column":6},"end":{"line":62,"column":null}},"25":{"start":{"line":65,"column":4},"end":{"line":65,"column":null}},"26":{"start":{"line":67,"column":4},"end":{"line":67,"column":null}},"27":{"start":{"line":68,"column":4},"end":{"line":68,"column":null}},"28":{"start":{"line":76,"column":0},"end":{"line":90,"column":null}},"29":{"start":{"line":77,"column":2},"end":{"line":89,"column":null}},"30":{"start":{"line":78,"column":26},"end":{"line":78,"column":null}},"31":{"start":{"line":79,"column":25},"end":{"line":79,"column":null}},"32":{"start":{"line":81,"column":4},"end":{"line":83,"column":null}},"33":{"start":{"line":82,"column":6},"end":{"line":82,"column":null}},"34":{"start":{"line":85,"column":4},"end":{"line":85,"column":null}},"35":{"start":{"line":87,"column":4},"end":{"line":87,"column":null}},"36":{"start":{"line":88,"column":4},"end":{"line":88,"column":null}}},"fnMap":{"0":{"name":"(anonymous_0)","decl":{"start":{"line":16,"column":17},"end":{"line":16,"column":24}},"loc":{"start":{"line":16,"column":37},"end":{"line":30,"column":1}},"line":16},"1":{"name":"(anonymous_1)","decl":{"start":{"line":36,"column":24},"end":{"line":36,"column":31}},"loc":{"start":{"line":36,"column":44},"end":{"line":50,"column":1}},"line":36},"2":{"name":"(anonymous_2)","decl":{"start":{"line":56,"column":26},"end":{"line":56,"column":33}},"loc":{"start":{"line":56,"column":46},"end":{"line":70,"column":1}},"line":56},"3":{"name":"(anonymous_3)","decl":{"start":{"line":76,"column":31},"end":{"line":76,"column":38}},"loc":{"start":{"line":76,"column":51},"end":{"line":90,"column":1}},"line":76}},"branchMap":{"0":{"loc":{"start":{"line":20,"column":4},"end":{"line":22,"column":null}},"type":"if","locations":[{"start":{"line":20,"column":4},"end":{"line":22,"column":null}},{"start":{},"end":{}}],"line":20},"1":{"loc":{"start":{"line":20,"column":8},"end":{"line":20,"column":66}},"type":"binary-expr","locations":[{"start":{"line":20,"column":8},"end":{"line":20,"column":23}},{"start":{"line":20,"column":23},"end":{"line":20,"column":37}},{"start":{"line":20,"column":37},"end":{"line":20,"column":54}},{"start":{"line":20,"column":54},"end":{"line":20,"column":66}}],"line":20},"2":{"loc":{"start":{"line":41,"column":4},"end":{"line":43,"column":null}},"type":"if","locations":[{"start":{"line":41,"column":4},"end":{"line":43,"column":null}},{"start":{},"end":{}}],"line":41},"3":{"loc":{"start":{"line":61,"column":4},"end":{"line":63,"column":null}},"type":"if","locations":[{"start":{"line":61,"column":4},"end":{"line":63,"column":null}},{"start":{},"end":{}}],"line":61},"4":{"loc":{"start":{"line":81,"column":4},"end":{"line":83,"column":null}},"type":"if","locations":[{"start":{"line":81,"column":4},"end":{"line":83,"column":null}},{"start":{},"end":{}}],"line":81}},"s":{"0":1,"1":1,"2":4,"3":4,"4":4,"5":1,"6":3,"7":2,"8":1,"9":1,"10":1,"11":3,"12":3,"13":3,"14":2,"15":1,"16":1,"17":1,"18":1,"19":1,"20":3,"21":3,"22":3,"23":2,"24":1,"25":1,"26":1,"27":1,"28":1,"29":3,"30":3,"31":3,"32":2,"33":1,"34":1,"35":1,"36":1},"f":{"0":4,"1":3,"2":3,"3":3},"b":{"0":[1,3],"1":[4,4,3,3],"2":[1,1],"3":[1,1],"4":[1,1]},"meta":{"lastBranch":5,"lastFunction":4,"lastStatement":37,"seen":{"s:10:22:10:Infinity":0,"s:16:0:30:Infinity":1,"f:16:17:16:24":0,"s:17:2:29:Infinity":2,"s:18:63:18:Infinity":3,"b:20:4:22:Infinity:undefined:undefined:undefined:undefined":0,"s:20:4:22:Infinity":4,"b:20:8:20:23:20:23:20:37:20:37:20:54:20:54:20:66":1,"s:21:6:21:Infinity":5,"s:24:24:24:Infinity":6,"s:25:4:25:Infinity":7,"s:27:4:27:Infinity":8,"s:28:4:28:Infinity":9,"s:36:0:50:Infinity":10,"f:36:24:36:31":1,"s:37:2:49:Infinity":11,"s:38:24:38:Infinity":12,"s:39:25:39:Infinity":13,"b:41:4:43:Infinity:undefined:undefined:undefined:undefined":2,"s:41:4:43:Infinity":14,"s:42:6:42:Infinity":15,"s:45:4:45:Infinity":16,"s:47:4:47:Infinity":17,"s:48:4:48:Infinity":18,"s:56:0:70:Infinity":19,"f:56:26:56:33":2,"s:57:2:69:Infinity":20,"s:58:19:58:Infinity":21,"s:59:24:59:Infinity":22,"b:61:4:63:Infinity:undefined:undefined:undefined:undefined":3,"s:61:4:63:Infinity":23,"s:62:6:62:Infinity":24,"s:65:4:65:Infinity":25,"s:67:4:67:Infinity":26,"s:68:4:68:Infinity":27,"s:76:0:90:Infinity":28,"f:76:31:76:38":3,"s:77:2:89:Infinity":29,"s:78:26:78:Infinity":30,"s:79:25:79:Infinity":31,"b:81:4:83:Infinity:undefined:undefined:undefined:undefined":4,"s:81:4:83:Infinity":32,"s:82:6:82:Infinity":33,"s:85:4:85:Infinity":34,"s:87:4:87:Infinity":35,"s:88:4:88:Infinity":36}}}
,"/home/usuario/Proyecto-E12/backend/src/routes/reviewRoutes.ts": {"path":"/home/usuario/Proyecto-E12/backend/src/routes/reviewRoutes.ts","statementMap":{"0":{"start":{"line":6,"column":22},"end":{"line":6,"column":null}},"1":{"start":{"line":13,"column":0},"end":{"line":44,"column":null}},"2":{"start":{"line":14,"column":62},"end":{"line":14,"column":null}},"3":{"start":{"line":17,"column":2},"end":{"line":21,"column":null}},"4":{"start":{"line":18,"column":4},"end":{"line":20,"column":null}},"5":{"start":{"line":24,"column":2},"end":{"line":28,"column":null}},"6":{"start":{"line":25,"column":4},"end":{"line":27,"column":null}},"7":{"start":{"line":30,"column":2},"end":{"line":43,"column":null}},"8":{"start":{"line":31,"column":18},"end":{"line":31,"column":null}},"9":{"start":{"line":36,"column":19},"end":{"line":36,"column":null}},"10":{"start":{"line":38,"column":40},"end":{"line":38,"column":null}},"11":{"start":{"line":39,"column":4},"end":{"line":39,"column":null}},"12":{"start":{"line":41,"column":4},"end":{"line":41,"column":null}},"13":{"start":{"line":42,"column":4},"end":{"line":42,"column":null}},"14":{"start":{"line":51,"column":0},"end":{"line":97,"column":null}},"15":{"start":{"line":52,"column":2},"end":{"line":96,"column":null}},"16":{"start":{"line":53,"column":56},"end":{"line":53,"column":null}},"17":{"start":{"line":55,"column":16},"end":{"line":55,"column":null}},"18":{"start":{"line":62,"column":26},"end":{"line":62,"column":null}},"19":{"start":{"line":63,"column":21},"end":{"line":63,"column":null}},"20":{"start":{"line":66,"column":4},"end":{"line":70,"column":null}},"21":{"start":{"line":67,"column":6},"end":{"line":67,"column":null}},"22":{"start":{"line":68,"column":6},"end":{"line":68,"column":null}},"23":{"start":{"line":69,"column":6},"end":{"line":69,"column":null}},"24":{"start":{"line":72,"column":4},"end":{"line":76,"column":null}},"25":{"start":{"line":73,"column":6},"end":{"line":73,"column":null}},"26":{"start":{"line":74,"column":6},"end":{"line":74,"column":null}},"27":{"start":{"line":75,"column":6},"end":{"line":75,"column":null}},"28":{"start":{"line":78,"column":4},"end":{"line":82,"column":null}},"29":{"start":{"line":79,"column":6},"end":{"line":79,"column":null}},"30":{"start":{"line":80,"column":6},"end":{"line":80,"column":null}},"31":{"start":{"line":81,"column":6},"end":{"line":81,"column":null}},"32":{"start":{"line":84,"column":4},"end":{"line":84,"column":null}},"33":{"start":{"line":86,"column":19},"end":{"line":86,"column":null}},"34":{"start":{"line":88,"column":4},"end":{"line":92,"column":null}},"35":{"start":{"line":89,"column":6},"end":{"line":89,"column":null}},"36":{"start":{"line":91,"column":6},"end":{"line":91,"column":null}},"37":{"start":{"line":94,"column":4},"end":{"line":94,"column":null}},"38":{"start":{"line":95,"column":4},"end":{"line":95,"column":null}},"39":{"start":{"line":104,"column":0},"end":{"line":128,"column":null}},"40":{"start":{"line":105,"column":2},"end":{"line":127,"column":null}},"41":{"start":{"line":106,"column":26},"end":{"line":106,"column":null}},"42":{"start":{"line":108,"column":18},"end":{"line":108,"column":null}},"43":{"start":{"line":117,"column":19},"end":{"line":117,"column":null}},"44":{"start":{"line":119,"column":4},"end":{"line":121,"column":null}},"45":{"start":{"line":120,"column":6},"end":{"line":120,"column":null}},"46":{"start":{"line":123,"column":4},"end":{"line":123,"column":null}},"47":{"start":{"line":125,"column":4},"end":{"line":125,"column":null}},"48":{"start":{"line":126,"column":4},"end":{"line":126,"column":null}},"49":{"start":{"line":136,"column":0},"end":{"line":194,"column":null}},"50":{"start":{"line":137,"column":17},"end":{"line":137,"column":null}},"51":{"start":{"line":139,"column":2},"end":{"line":143,"column":null}},"52":{"start":{"line":140,"column":4},"end":{"line":142,"column":null}},"53":{"start":{"line":145,"column":25},"end":{"line":145,"column":null}},"54":{"start":{"line":146,"column":24},"end":{"line":146,"column":null}},"55":{"start":{"line":147,"column":24},"end":{"line":147,"column":null}},"56":{"start":{"line":147,"column":56},"end":{"line":147,"column":87}},"57":{"start":{"line":149,"column":2},"end":{"line":153,"column":null}},"58":{"start":{"line":150,"column":4},"end":{"line":152,"column":null}},"59":{"start":{"line":156,"column":2},"end":{"line":160,"column":null}},"60":{"start":{"line":157,"column":4},"end":{"line":159,"column":null}},"61":{"start":{"line":162,"column":2},"end":{"line":193,"column":null}},"62":{"start":{"line":164,"column":30},"end":{"line":164,"column":null}},"63":{"start":{"line":165,"column":26},"end":{"line":165,"column":null}},"64":{"start":{"line":166,"column":21},"end":{"line":166,"column":null}},"65":{"start":{"line":168,"column":4},"end":{"line":172,"column":null}},"66":{"start":{"line":169,"column":6},"end":{"line":169,"column":null}},"67":{"start":{"line":170,"column":6},"end":{"line":170,"column":null}},"68":{"start":{"line":171,"column":6},"end":{"line":171,"column":null}},"69":{"start":{"line":174,"column":4},"end":{"line":174,"column":null}},"70":{"start":{"line":176,"column":18},"end":{"line":179,"column":null}},"71":{"start":{"line":183,"column":40},"end":{"line":183,"column":null}},"72":{"start":{"line":185,"column":4},"end":{"line":187,"column":null}},"73":{"start":{"line":186,"column":6},"end":{"line":186,"column":null}},"74":{"start":{"line":189,"column":4},"end":{"line":189,"column":null}},"75":{"start":{"line":191,"column":4},"end":{"line":191,"column":null}},"76":{"start":{"line":192,"column":4},"end":{"line":192,"column":null}},"77":{"start":{"line":201,"column":0},"end":{"line":217,"column":null}},"78":{"start":{"line":202,"column":17},"end":{"line":202,"column":null}},"79":{"start":{"line":204,"column":2},"end":{"line":216,"column":null}},"80":{"start":{"line":205,"column":18},"end":{"line":205,"column":null}},"81":{"start":{"line":206,"column":40},"end":{"line":206,"column":null}},"82":{"start":{"line":208,"column":4},"end":{"line":210,"column":null}},"83":{"start":{"line":209,"column":6},"end":{"line":209,"column":null}},"84":{"start":{"line":212,"column":4},"end":{"line":212,"column":null}},"85":{"start":{"line":214,"column":4},"end":{"line":214,"column":null}},"86":{"start":{"line":215,"column":4},"end":{"line":215,"column":null}}},"fnMap":{"0":{"name":"(anonymous_0)","decl":{"start":{"line":13,"column":17},"end":{"line":13,"column":24}},"loc":{"start":{"line":13,"column":37},"end":{"line":44,"column":1}},"line":13},"1":{"name":"(anonymous_1)","decl":{"start":{"line":51,"column":16},"end":{"line":51,"column":23}},"loc":{"start":{"line":51,"column":36},"end":{"line":97,"column":1}},"line":51},"2":{"name":"(anonymous_2)","decl":{"start":{"line":104,"column":33},"end":{"line":104,"column":40}},"loc":{"start":{"line":104,"column":53},"end":{"line":128,"column":1}},"line":104},"3":{"name":"(anonymous_3)","decl":{"start":{"line":136,"column":21},"end":{"line":136,"column":28}},"loc":{"start":{"line":136,"column":41},"end":{"line":194,"column":1}},"line":136},"4":{"name":"(anonymous_4)","decl":{"start":{"line":147,"column":44},"end":{"line":147,"column":45}},"loc":{"start":{"line":147,"column":56},"end":{"line":147,"column":87}},"line":147},"5":{"name":"(anonymous_5)","decl":{"start":{"line":168,"column":26},"end":{"line":168,"column":27}},"loc":{"start":{"line":168,"column":37},"end":{"line":172,"column":5}},"line":168},"6":{"name":"(anonymous_6)","decl":{"start":{"line":201,"column":22},"end":{"line":201,"column":29}},"loc":{"start":{"line":201,"column":42},"end":{"line":217,"column":1}},"line":201}},"branchMap":{"0":{"loc":{"start":{"line":17,"column":2},"end":{"line":21,"column":null}},"type":"if","locations":[{"start":{"line":17,"column":2},"end":{"line":21,"column":null}},{"start":{},"end":{}}],"line":17},"1":{"loc":{"start":{"line":17,"column":6},"end":{"line":17,"column":50}},"type":"binary-expr","locations":[{"start":{"line":17,"column":6},"end":{"line":17,"column":20}},{"start":{"line":17,"column":20},"end":{"line":17,"column":35}},{"start":{"line":17,"column":35},"end":{"line":17,"column":50}}],"line":17},"2":{"loc":{"start":{"line":24,"column":2},"end":{"line":28,"column":null}},"type":"if","locations":[{"start":{"line":24,"column":2},"end":{"line":28,"column":null}},{"start":{},"end":{}}],"line":24},"3":{"loc":{"start":{"line":24,"column":6},"end":{"line":24,"column":44}},"type":"binary-expr","locations":[{"start":{"line":24,"column":6},"end":{"line":24,"column":26}},{"start":{"line":24,"column":26},"end":{"line":24,"column":44}}],"line":24},"4":{"loc":{"start":{"line":36,"column":57},"end":{"line":36,"column":75}},"type":"binary-expr","locations":[{"start":{"line":36,"column":57},"end":{"line":36,"column":71}},{"start":{"line":36,"column":71},"end":{"line":36,"column":75}}],"line":36},"5":{"loc":{"start":{"line":66,"column":4},"end":{"line":70,"column":null}},"type":"if","locations":[{"start":{"line":66,"column":4},"end":{"line":70,"column":null}},{"start":{},"end":{}}],"line":66},"6":{"loc":{"start":{"line":72,"column":4},"end":{"line":76,"column":null}},"type":"if","locations":[{"start":{"line":72,"column":4},"end":{"line":76,"column":null}},{"start":{},"end":{}}],"line":72},"7":{"loc":{"start":{"line":78,"column":4},"end":{"line":82,"column":null}},"type":"if","locations":[{"start":{"line":78,"column":4},"end":{"line":82,"column":null}},{"start":{},"end":{}}],"line":78},"8":{"loc":{"start":{"line":88,"column":4},"end":{"line":92,"column":null}},"type":"if","locations":[{"start":{"line":88,"column":4},"end":{"line":92,"column":null}},{"start":{"line":90,"column":11},"end":{"line":92,"column":null}}],"line":88},"9":{"loc":{"start":{"line":119,"column":4},"end":{"line":121,"column":null}},"type":"if","locations":[{"start":{"line":119,"column":4},"end":{"line":121,"column":null}},{"start":{},"end":{}}],"line":119},"10":{"loc":{"start":{"line":139,"column":2},"end":{"line":143,"column":null}},"type":"if","locations":[{"start":{"line":139,"column":2},"end":{"line":143,"column":null}},{"start":{},"end":{}}],"line":139},"11":{"loc":{"start":{"line":139,"column":6},"end":{"line":139,"column":55}},"type":"binary-expr","locations":[{"start":{"line":139,"column":6},"end":{"line":139,"column":19}},{"start":{"line":139,"column":19},"end":{"line":139,"column":55}}],"line":139},"12":{"loc":{"start":{"line":149,"column":2},"end":{"line":153,"column":null}},"type":"if","locations":[{"start":{"line":149,"column":2},"end":{"line":153,"column":null}},{"start":{},"end":{}}],"line":149},"13":{"loc":{"start":{"line":156,"column":2},"end":{"line":160,"column":null}},"type":"if","locations":[{"start":{"line":156,"column":2},"end":{"line":160,"column":null}},{"start":{},"end":{}}],"line":156},"14":{"loc":{"start":{"line":156,"column":6},"end":{"line":156,"column":89}},"type":"binary-expr","locations":[{"start":{"line":156,"column":6},"end":{"line":156,"column":32}},{"start":{"line":156,"column":32},"end":{"line":156,"column":61}},{"start":{"line":156,"column":61},"end":{"line":156,"column":89}}],"line":156},"15":{"loc":{"start":{"line":185,"column":4},"end":{"line":187,"column":null}},"type":"if","locations":[{"start":{"line":185,"column":4},"end":{"line":187,"column":null}},{"start":{},"end":{}}],"line":185},"16":{"loc":{"start":{"line":208,"column":4},"end":{"line":210,"column":null}},"type":"if","locations":[{"start":{"line":208,"column":4},"end":{"line":210,"column":null}},{"start":{},"end":{}}],"line":208}},"s":{"0":1,"1":1,"2":5,"3":5,"4":1,"5":4,"6":2,"7":2,"8":2,"9":2,"10":5,"11":1,"12":1,"13":1,"14":1,"15":4,"16":4,"17":4,"18":4,"19":4,"20":4,"21":1,"22":1,"23":1,"24":4,"25":0,"26":0,"27":0,"28":4,"29":1,"30":1,"31":1,"32":4,"33":4,"34":4,"35":3,"36":1,"37":0,"38":0,"39":1,"40":2,"41":2,"42":2,"43":2,"44":2,"45":1,"46":1,"47":0,"48":0,"49":1,"50":5,"51":5,"52":1,"53":4,"54":4,"55":4,"56":5,"57":4,"58":1,"59":3,"60":1,"61":2,"62":2,"63":2,"64":2,"65":2,"66":3,"67":3,"68":3,"69":2,"70":2,"71":2,"72":2,"73":1,"74":1,"75":0,"76":0,"77":1,"78":2,"79":2,"80":2,"81":2,"82":2,"83":1,"84":1,"85":0,"86":0},"f":{"0":5,"1":4,"2":2,"3":5,"4":5,"5":3,"6":2},"b":{"0":[1,4],"1":[5,5,4],"2":[2,2],"3":[4,3],"4":[2,1],"5":[1,3],"6":[0,4],"7":[1,3],"8":[3,1],"9":[1,1],"10":[1,4],"11":[5,5],"12":[1,3],"13":[1,2],"14":[3,3,3],"15":[1,1],"16":[1,1]},"meta":{"lastBranch":17,"lastFunction":7,"lastStatement":87,"seen":{"s:6:22:6:Infinity":0,"s:13:0:44:Infinity":1,"f:13:17:13:24":0,"s:14:62:14:Infinity":2,"b:17:2:21:Infinity:undefined:undefined:undefined:undefined":0,"s:17:2:21:Infinity":3,"b:17:6:17:20:17:20:17:35:17:35:17:50":1,"s:18:4:20:Infinity":4,"b:24:2:28:Infinity:undefined:undefined:undefined:undefined":2,"s:24:2:28:Infinity":5,"b:24:6:24:26:24:26:24:44":3,"s:25:4:27:Infinity":6,"s:30:2:43:Infinity":7,"s:31:18:31:Infinity":8,"s:36:19:36:Infinity":9,"b:36:57:36:71:36:71:36:75":4,"s:38:40:38:Infinity":10,"s:39:4:39:Infinity":11,"s:41:4:41:Infinity":12,"s:42:4:42:Infinity":13,"s:51:0:97:Infinity":14,"f:51:16:51:23":1,"s:52:2:96:Infinity":15,"s:53:56:53:Infinity":16,"s:55:16:55:Infinity":17,"s:62:26:62:Infinity":18,"s:63:21:63:Infinity":19,"b:66:4:70:Infinity:undefined:undefined:undefined:undefined":5,"s:66:4:70:Infinity":20,"s:67:6:67:Infinity":21,"s:68:6:68:Infinity":22,"s:69:6:69:Infinity":23,"b:72:4:76:Infinity:undefined:undefined:undefined:undefined":6,"s:72:4:76:Infinity":24,"s:73:6:73:Infinity":25,"s:74:6:74:Infinity":26,"s:75:6:75:Infinity":27,"b:78:4:82:Infinity:undefined:undefined:undefined:undefined":7,"s:78:4:82:Infinity":28,"s:79:6:79:Infinity":29,"s:80:6:80:Infinity":30,"s:81:6:81:Infinity":31,"s:84:4:84:Infinity":32,"s:86:19:86:Infinity":33,"b:88:4:92:Infinity:90:11:92:Infinity":8,"s:88:4:92:Infinity":34,"s:89:6:89:Infinity":35,"s:91:6:91:Infinity":36,"s:94:4:94:Infinity":37,"s:95:4:95:Infinity":38,"s:104:0:128:Infinity":39,"f:104:33:104:40":2,"s:105:2:127:Infinity":40,"s:106:26:106:Infinity":41,"s:108:18:108:Infinity":42,"s:117:19:117:Infinity":43,"b:119:4:121:Infinity:undefined:undefined:undefined:undefined":9,"s:119:4:121:Infinity":44,"s:120:6:120:Infinity":45,"s:123:4:123:Infinity":46,"s:125:4:125:Infinity":47,"s:126:4:126:Infinity":48,"s:136:0:194:Infinity":49,"f:136:21:136:28":3,"s:137:17:137:Infinity":50,"b:139:2:143:Infinity:undefined:undefined:undefined:undefined":10,"s:139:2:143:Infinity":51,"b:139:6:139:19:139:19:139:55":11,"s:140:4:142:Infinity":52,"s:145:25:145:Infinity":53,"s:146:24:146:Infinity":54,"s:147:24:147:Infinity":55,"f:147:44:147:45":4,"s:147:56:147:87":56,"b:149:2:153:Infinity:undefined:undefined:undefined:undefined":12,"s:149:2:153:Infinity":57,"s:150:4:152:Infinity":58,"b:156:2:160:Infinity:undefined:undefined:undefined:undefined":13,"s:156:2:160:Infinity":59,"b:156:6:156:32:156:32:156:61:156:61:156:89":14,"s:157:4:159:Infinity":60,"s:162:2:193:Infinity":61,"s:164:30:164:Infinity":62,"s:165:26:165:Infinity":63,"s:166:21:166:Infinity":64,"s:168:4:172:Infinity":65,"f:168:26:168:27":5,"s:169:6:169:Infinity":66,"s:170:6:170:Infinity":67,"s:171:6:171:Infinity":68,"s:174:4:174:Infinity":69,"s:176:18:179:Infinity":70,"s:183:40:183:Infinity":71,"b:185:4:187:Infinity:undefined:undefined:undefined:undefined":15,"s:185:4:187:Infinity":72,"s:186:6:186:Infinity":73,"s:189:4:189:Infinity":74,"s:191:4:191:Infinity":75,"s:192:4:192:Infinity":76,"s:201:0:217:Infinity":77,"f:201:22:201:29":6,"s:202:17:202:Infinity":78,"s:204:2:216:Infinity":79,"s:205:18:205:Infinity":80,"s:206:40:206:Infinity":81,"b:208:4:210:Infinity:undefined:undefined:undefined:undefined":16,"s:208:4:210:Infinity":82,"s:209:6:209:Infinity":83,"s:212:4:212:Infinity":84,"s:214:4:214:Infinity":85,"s:215:4:215:Infinity":86}}}
}
