TN:
SF:src/emails/Welcome.tsx
FN:22,Email
FNF:1
FNH:1
FNDA:1,Email
DA:23,1
DA:147,1
DA:153,1
DA:160,1
DA:165,1
DA:170,1
DA:179,1
DA:184,1
DA:191,1
DA:197,1
DA:201,1
DA:209,1
DA:216,1
DA:223,1
DA:227,1
DA:234,1
DA:240,1
DA:246,1
DA:254,1
DA:261,1
DA:266,1
DA:273,1
DA:280,1
DA:285,1
DA:297,1
DA:304,1
DA:311,1
DA:318,1
LF:28
LH:28
BRDA:22,0,0,1
BRDA:22,1,0,1
BRDA:22,2,0,1
BRF:3
BRH:3
end_of_record
TN:
SF:src/routes/auth.ts
FN:31,(anonymous_0)
FN:40,(anonymous_1)
FN:97,(anonymous_2)
FN:132,(anonymous_3)
FN:147,(anonymous_4)
FN:155,(anonymous_5)
FNF:6
FNH:6
FNDA:2,(anonymous_0)
FNDA:3,(anonymous_1)
FNDA:4,(anonymous_2)
FNDA:1,(anonymous_3)
FNDA:1,(anonymous_4)
FNDA:4,(anonymous_5)
DA:11,1
DA:13,1
DA:18,1
DA:31,1
DA:32,2
DA:40,1
DA:41,3
DA:43,3
DA:44,1
DA:47,2
DA:49,2
DA:50,1
DA:53,1
DA:55,1
DA:60,1
DA:61,1
DA:63,1
DA:66,1
DA:67,0
DA:68,0
DA:72,1
DA:73,1
DA:79,1
DA:86,1
DA:88,0
DA:91,1
DA:97,1
DA:98,4
DA:100,4
DA:101,1
DA:104,3
DA:106,3
DA:107,1
DA:110,2
DA:111,2
DA:113,2
DA:114,1
DA:117,1
DA:118,1
DA:121,1
DA:122,0
DA:123,0
DA:126,1
DA:132,1
DA:133,1
DA:136,1
DA:137,0
DA:138,0
DA:141,1
DA:147,1
DA:148,1
DA:149,1
DA:155,1
DA:156,4
DA:157,4
DA:158,4
DA:160,4
DA:161,1
DA:165,3
DA:170,3
DA:171,1
DA:175,2
DA:176,2
DA:179,2
DA:180,1
DA:181,1
DA:183,1
DA:184,1
DA:187,2
DA:189,2
DA:190,0
DA:193,2
DA:196,2
DA:197,1
DA:198,1
DA:201,2
DA:207,0
DA:208,0
LF:78
LH:68
BRDA:43,0,0,1
BRDA:43,0,1,2
BRDA:43,1,0,3
BRDA:43,1,1,3
BRDA:43,1,2,2
BRDA:49,2,0,1
BRDA:49,2,1,1
BRDA:66,3,0,0
BRDA:66,3,1,1
BRDA:100,4,0,1
BRDA:100,4,1,3
BRDA:100,5,0,4
BRDA:100,5,1,4
BRDA:106,6,0,1
BRDA:106,6,1,2
BRDA:113,7,0,1
BRDA:113,7,1,1
BRDA:121,8,0,0
BRDA:121,8,1,1
BRDA:136,9,0,0
BRDA:136,9,1,1
BRDA:160,10,0,1
BRDA:160,10,1,3
BRDA:160,11,0,4
BRDA:160,11,1,4
BRDA:170,12,0,1
BRDA:170,12,1,2
BRDA:179,13,0,1
BRDA:179,13,1,1
BRDA:189,14,0,0
BRDA:189,14,1,2
BRDA:196,15,0,1
BRDA:196,15,1,1
BRF:33
BRH:29
end_of_record
TN:
SF:src/routes/contactRoutes.ts
FN:11,(anonymous_0)
FNF:1
FNH:1
FNDA:5,(anonymous_0)
DA:5,1
DA:6,1
DA:11,1
DA:13,5
DA:15,5
DA:16,1
DA:17,1
DA:20,4
DA:22,4
DA:24,4
DA:32,5
DA:34,3
DA:37,1
DA:38,1
LF:14
LH:14
BRDA:15,0,0,1
BRDA:15,0,1,4
BRDA:27,1,0,4
BRDA:27,1,1,2
BRDA:37,2,0,1
BRDA:37,2,1,1
BRF:6
BRH:6
end_of_record
TN:
SF:src/routes/garageRoutes.ts
FN:20,(anonymous_0)
FN:110,(anonymous_1)
FN:154,(anonymous_2)
FN:175,(anonymous_3)
FN:214,(anonymous_4)
FN:238,(anonymous_5)
FN:341,(anonymous_6)
FNF:7
FNH:5
FNDA:4,(anonymous_0)
FNDA:0,(anonymous_1)
FNDA:0,(anonymous_2)
FNDA:4,(anonymous_3)
FNDA:4,(anonymous_4)
FNDA:4,(anonymous_5)
FNDA:2,(anonymous_6)
DA:11,1
DA:15,1
DA:20,1
DA:21,4
DA:22,4
DA:25,4
DA:26,1
DA:31,3
DA:33,3
DA:34,3
DA:36,3
DA:37,0
DA:38,0
DA:49,0
DA:50,0
DA:53,0
DA:55,0
DA:56,0
DA:60,3
DA:61,3
DA:62,3
DA:64,2
DA:69,3
DA:71,3
DA:76,3
DA:87,4
DA:88,2
DA:91,2
DA:92,0
DA:93,0
DA:96,2
DA:102,1
DA:103,1
DA:110,1
DA:111,0
DA:112,0
DA:115,0
DA:116,0
DA:122,0
DA:123,0
DA:129,0
DA:147,0
DA:149,0
DA:150,0
DA:154,0
DA:155,0
DA:156,0
DA:162,0
DA:165,0
DA:167,0
DA:168,0
DA:175,1
DA:176,4
DA:177,4
DA:179,4
DA:180,4
DA:181,4
DA:184,4
DA:185,1
DA:186,1
DA:187,1
DA:190,4
DA:191,0
DA:192,0
DA:193,0
DA:196,4
DA:197,1
DA:198,1
DA:199,1
DA:202,4
DA:203,1
DA:204,1
DA:205,1
DA:208,4
DA:210,4
DA:212,4
DA:214,3
DA:215,4
DA:216,0
DA:222,4
DA:225,3
DA:227,1
DA:230,0
DA:231,0
DA:238,1
DA:239,4
DA:240,4
DA:241,4
DA:243,4
DA:245,4
DA:246,4
DA:248,4
DA:249,1
DA:252,3
DA:253,0
DA:257,3
DA:258,3
DA:259,3
DA:261,3
DA:263,1
DA:265,1
DA:266,1
DA:267,1
DA:269,1
DA:270,1
DA:271,1
DA:273,1
DA:274,1
DA:275,1
DA:278,3
DA:279,0
DA:280,0
DA:281,0
DA:284,3
DA:285,1
DA:286,1
DA:287,1
DA:290,3
DA:291,1
DA:292,1
DA:293,1
DA:296,3
DA:297,0
DA:298,0
DA:299,0
DA:302,3
DA:303,2
DA:308,1
DA:310,1
DA:317,1
DA:319,1
DA:320,0
DA:323,1
DA:326,1
DA:327,0
DA:328,0
DA:331,1
DA:333,0
DA:334,0
DA:341,1
DA:342,2
DA:343,2
DA:345,2
DA:347,2
DA:348,2
DA:350,2
DA:351,1
DA:354,1
DA:355,0
DA:358,1
DA:359,1
DA:361,1
DA:363,0
DA:364,0
LF:154
LH:107
BRDA:25,0,0,1
BRDA:25,0,1,3
BRDA:25,1,0,4
BRDA:25,1,1,4
BRDA:36,2,0,0
BRDA:36,2,1,3
BRDA:41,3,0,0
BRDA:41,3,1,0
BRDA:62,4,0,3
BRDA:62,4,1,1
BRDA:79,5,0,3
BRDA:79,5,1,2
BRDA:80,6,0,4
BRDA:80,6,1,2
BRDA:81,7,0,4
BRDA:81,7,1,2
BRDA:82,8,0,0
BRDA:82,8,1,3
BRDA:91,9,0,0
BRDA:91,9,1,2
BRDA:99,10,0,0
BRDA:99,10,1,2
BRDA:115,11,0,0
BRDA:115,11,1,0
BRDA:115,12,0,0
BRDA:115,12,1,0
BRDA:122,13,0,0
BRDA:122,13,1,0
BRDA:149,14,0,0
BRDA:149,14,1,0
BRDA:155,15,0,0
BRDA:155,15,1,0
BRDA:184,16,0,1
BRDA:184,16,1,3
BRDA:190,17,0,0
BRDA:190,17,1,4
BRDA:196,18,0,1
BRDA:196,18,1,3
BRDA:202,19,0,1
BRDA:202,19,1,3
BRDA:212,20,0,3
BRDA:212,20,1,1
BRDA:215,21,0,0
BRDA:215,21,1,4
BRDA:248,22,0,1
BRDA:248,22,1,3
BRDA:252,23,0,0
BRDA:252,23,1,3
BRDA:261,24,0,1
BRDA:261,24,1,2
BRDA:270,25,0,1
BRDA:270,25,1,1
BRDA:274,26,0,1
BRDA:274,26,1,1
BRDA:278,27,0,0
BRDA:278,27,1,3
BRDA:284,28,0,1
BRDA:284,28,1,2
BRDA:290,29,0,1
BRDA:290,29,1,2
BRDA:292,30,0,1
BRDA:292,30,1,1
BRDA:296,31,0,0
BRDA:296,31,1,3
BRDA:302,32,0,2
BRDA:302,32,1,1
BRDA:319,33,0,0
BRDA:319,33,1,1
BRDA:326,34,0,0
BRDA:326,34,1,1
BRDA:350,35,0,1
BRDA:350,35,1,1
BRDA:354,36,0,0
BRDA:354,36,1,1
BRF:74
BRH:50
end_of_record
TN:
SF:src/routes/payment.ts
FN:14,(anonymous_0)
FNF:1
FNH:1
FNDA:8,(anonymous_0)
DA:4,1
DA:7,1
DA:14,1
DA:15,8
DA:16,8
DA:18,8
DA:19,3
DA:22,5
DA:34,4
DA:36,4
DA:41,1
DA:42,1
LF:12
LH:12
BRDA:18,0,0,3
BRDA:18,0,1,5
BRDA:18,1,0,8
BRDA:18,1,1,6
BRF:4
BRH:4
end_of_record
TN:
SF:src/routes/stripeRoutes.ts
FN:15,(anonymous_0)
FNF:1
FNH:1
FNDA:7,(anonymous_0)
DA:5,1
DA:8,1
DA:15,1
DA:16,7
DA:17,7
DA:19,7
DA:20,1
DA:24,6
DA:25,1
DA:28,5
DA:35,4
DA:37,1
DA:38,1
LF:13
LH:13
BRDA:19,0,0,1
BRDA:19,0,1,6
BRDA:24,1,0,1
BRDA:24,1,1,5
BRF:4
BRH:4
end_of_record
TN:
SF:src/utils/getCoordinatesFromAddress.ts
FN:6,getCoordinatesFromAddress
FNF:1
FNH:1
FNDA:4,getCoordinatesFromAddress
DA:7,4
DA:8,4
DA:19,4
DA:20,1
DA:25,0
DA:27,3
DA:28,3
LF:7
LH:6
BRDA:19,0,0,1
BRDA:19,0,1,3
BRDA:19,1,0,4
BRDA:19,1,1,1
BRF:4
BRH:4
end_of_record
